Sat Jul  4 18:56:39 -04 2020
You have selected lazy loading. Light curves will be loaded ondemand from the harddrive
Found 12 csv files at given path
Loading /home/shared/astro/PLAsTiCC/plasticc_train_lightcurves.csv
Loading /home/shared/astro/PLAsTiCC/plasticc_test_set_batch1.csv
Loading /home/shared/astro/PLAsTiCC/plasticc_test_set_batch10.csv
Loading /home/shared/astro/PLAsTiCC/plasticc_test_set_batch11.csv
Loading /home/shared/astro/PLAsTiCC/plasticc_test_set_batch2.csv
Loading /home/shared/astro/PLAsTiCC/plasticc_test_set_batch3.csv
Loading /home/shared/astro/PLAsTiCC/plasticc_test_set_batch4.csv
Loading /home/shared/astro/PLAsTiCC/plasticc_test_set_batch5.csv
Loading /home/shared/astro/PLAsTiCC/plasticc_test_set_batch6.csv
Loading /home/shared/astro/PLAsTiCC/plasticc_test_set_batch7.csv
Loading /home/shared/astro/PLAsTiCC/plasticc_test_set_batch8.csv
Loading /home/shared/astro/PLAsTiCC/plasticc_test_set_batch9.csv
folder already exists
starting the training
epoch:    0 / 1000
early stopping counter:  2
New min test loss. Saving model
saving losses
epoch:    1 / 1000
New min test loss. Saving model
saving losses
epoch:    2 / 1000
early stopping counter:  2
saving losses
epoch:    3 / 1000
saving losses
epoch:    4 / 1000
early stopping counter:  2
saving losses
epoch:    5 / 1000
saving losses
epoch:    6 / 1000
saving losses
epoch:    7 / 1000
early stopping counter:  2
saving losses
epoch:    8 / 1000
early stopping counter:  4
saving losses
epoch:    9 / 1000
early stopping counter:  6
saving losses
epoch:    10 / 1000
saving losses
epoch:    11 / 1000
saving losses
epoch:    12 / 1000
early stopping counter:  2
saving losses
epoch:    13 / 1000
saving losses
epoch:    14 / 1000
early stopping counter:  2
saving losses
epoch:    15 / 1000
saving losses
epoch:    16 / 1000
early stopping counter:  2
saving losses
epoch:    17 / 1000
early stopping counter:  4
saving losses
epoch:    18 / 1000
saving losses
epoch:    19 / 1000
saving losses
epoch:    20 / 1000
early stopping counter:  2
saving losses
epoch:    21 / 1000
early stopping counter:  4
saving losses
epoch:    22 / 1000
saving losses
epoch:    23 / 1000
early stopping counter:  2
saving losses
epoch:    24 / 1000
saving losses
epoch:    25 / 1000
early stopping counter:  2
saving losses
epoch:    26 / 1000
saving losses
epoch:    27 / 1000
early stopping counter:  2
saving losses
epoch:    28 / 1000
saving losses
epoch:    29 / 1000
saving losses
epoch:    30 / 1000
early stopping counter:  2
saving losses
epoch:    31 / 1000
saving losses
epoch:    32 / 1000
saving losses
epoch:    33 / 1000
early stopping counter:  2
saving losses
epoch:    34 / 1000
saving losses
epoch:    35 / 1000
saving losses
epoch:    36 / 1000
early stopping counter:  2
saving losses
epoch:    37 / 1000
early stopping counter:  4
saving losses
epoch:    38 / 1000
saving losses
epoch:    39 / 1000
saving losses
epoch:    40 / 1000
early stopping counter:  2
saving losses
epoch:    41 / 1000
saving losses
epoch:    42 / 1000
saving losses
epoch:    43 / 1000
early stopping counter:  2
saving losses
epoch:    44 / 1000
saving losses
epoch:    45 / 1000
saving losses
epoch:    46 / 1000
early stopping counter:  2
saving losses
epoch:    47 / 1000
saving losses
epoch:    48 / 1000
early stopping counter:  2
saving losses
epoch:    49 / 1000
saving losses
epoch:    50 / 1000
saving losses
epoch:    51 / 1000
early stopping counter:  2
saving losses
epoch:    52 / 1000
early stopping counter:  4
saving losses
epoch:    53 / 1000
early stopping counter:  6
saving losses
epoch:    54 / 1000
saving losses
epoch:    55 / 1000
saving losses
epoch:    56 / 1000
early stopping counter:  2
saving losses
epoch:    57 / 1000
saving losses
epoch:    58 / 1000
early stopping counter:  2
saving losses
epoch:    59 / 1000
early stopping counter:  4
saving losses
epoch:    60 / 1000
saving losses
epoch:    61 / 1000
early stopping counter:  2
saving losses
epoch:    62 / 1000
saving losses
epoch:    63 / 1000
saving losses
epoch:    64 / 1000
saving losses
epoch:    65 / 1000
early stopping counter:  2
saving losses
epoch:    66 / 1000
saving losses
epoch:    67 / 1000
early stopping counter:  2
saving losses
epoch:    68 / 1000
saving losses
epoch:    69 / 1000
saving losses
epoch:    70 / 1000
early stopping counter:  2
saving losses
epoch:    71 / 1000
early stopping counter:  4
saving losses
epoch:    72 / 1000
saving losses
epoch:    73 / 1000
saving losses
epoch:    74 / 1000
early stopping counter:  2
saving losses
epoch:    75 / 1000
early stopping counter:  4
saving losses
epoch:    76 / 1000
early stopping counter:  6
saving losses
epoch:    77 / 1000
saving losses
epoch:    78 / 1000
early stopping counter:  2
saving losses
epoch:    79 / 1000
saving losses
epoch:    80 / 1000
early stopping counter:  2
saving losses
epoch:    81 / 1000
early stopping counter:  4
saving losses
epoch:    82 / 1000
saving losses
epoch:    83 / 1000
early stopping counter:  2
saving losses
epoch:    84 / 1000
early stopping counter:  4
saving losses
epoch:    85 / 1000
saving losses
epoch:    86 / 1000
early stopping counter:  2
saving losses
epoch:    87 / 1000
saving losses
epoch:    88 / 1000
early stopping counter:  2
saving losses
epoch:    89 / 1000
saving losses
epoch:    90 / 1000
saving losses
epoch:    91 / 1000
early stopping counter:  2
saving losses
epoch:    92 / 1000
early stopping counter:  4
saving losses
epoch:    93 / 1000
early stopping counter:  6
saving losses
epoch:    94 / 1000
saving losses
epoch:    95 / 1000
saving losses
epoch:    96 / 1000
early stopping counter:  2
saving losses
epoch:    97 / 1000
early stopping counter:  4
saving losses
epoch:    98 / 1000
early stopping counter:  6
saving losses
epoch:    99 / 1000
saving losses
epoch:    100 / 1000
early stopping counter:  2
saving losses
epoch:    101 / 1000
saving losses
epoch:    102 / 1000
early stopping counter:  2
saving losses
epoch:    103 / 1000
saving losses
epoch:    104 / 1000
early stopping counter:  2
saving losses
epoch:    105 / 1000
saving losses
epoch:    106 / 1000
early stopping counter:  2
saving losses
epoch:    107 / 1000
early stopping counter:  4
saving losses
epoch:    108 / 1000
saving losses
epoch:    109 / 1000
early stopping counter:  2
saving losses
epoch:    110 / 1000
saving losses
epoch:    111 / 1000
saving losses
epoch:    112 / 1000
early stopping counter:  2
saving losses
epoch:    113 / 1000
early stopping counter:  4
saving losses
epoch:    114 / 1000
saving losses
epoch:    115 / 1000
early stopping counter:  2
saving losses
epoch:    116 / 1000
saving losses
epoch:    117 / 1000
saving losses
epoch:    118 / 1000
saving losses
epoch:    119 / 1000
early stopping counter:  2
saving losses
epoch:    120 / 1000
early stopping counter:  4
saving losses
epoch:    121 / 1000
saving losses
epoch:    122 / 1000
saving losses
epoch:    123 / 1000
early stopping counter:  2
saving losses
epoch:    124 / 1000
early stopping counter:  4
saving losses
epoch:    125 / 1000
early stopping counter:  6
saving losses
epoch:    126 / 1000
saving losses
epoch:    127 / 1000
early stopping counter:  2
saving losses
epoch:    128 / 1000
saving losses
epoch:    129 / 1000
saving losses
epoch:    130 / 1000
early stopping counter:  2
saving losses
epoch:    131 / 1000
early stopping counter:  4
saving losses
epoch:    132 / 1000
saving losses
epoch:    133 / 1000
early stopping counter:  2
saving losses
epoch:    134 / 1000
saving losses
epoch:    135 / 1000
saving losses
epoch:    136 / 1000
early stopping counter:  2
saving losses
epoch:    137 / 1000
early stopping counter:  4
saving losses
epoch:    138 / 1000
saving losses
epoch:    139 / 1000
saving losses
epoch:    140 / 1000
early stopping counter:  2
saving losses
epoch:    141 / 1000
saving losses
epoch:    142 / 1000
saving losses
epoch:    143 / 1000
early stopping counter:  2
saving losses
epoch:    144 / 1000
saving losses
epoch:    145 / 1000
early stopping counter:  2
saving losses
epoch:    146 / 1000
early stopping counter:  4
saving losses
epoch:    147 / 1000
saving losses
epoch:    148 / 1000
early stopping counter:  2
saving losses
epoch:    149 / 1000
early stopping counter:  4
saving losses
epoch:    150 / 1000
saving losses
epoch:    151 / 1000
early stopping counter:  2
saving losses
epoch:    152 / 1000
saving losses
epoch:    153 / 1000
early stopping counter:  2
saving losses
epoch:    154 / 1000
early stopping counter:  4
saving losses
epoch:    155 / 1000
saving losses
epoch:    156 / 1000
saving losses
epoch:    157 / 1000
saving losses
epoch:    158 / 1000
early stopping counter:  2
saving losses
epoch:    159 / 1000
early stopping counter:  4
saving losses
epoch:    160 / 1000
saving losses
epoch:    161 / 1000
saving losses
epoch:    162 / 1000
early stopping counter:  2
saving losses
epoch:    163 / 1000
saving losses
epoch:    164 / 1000
early stopping counter:  2
saving losses
epoch:    165 / 1000
saving losses
epoch:    166 / 1000
saving losses
epoch:    167 / 1000
early stopping counter:  2
saving losses
epoch:    168 / 1000
saving losses
epoch:    169 / 1000
early stopping counter:  2
saving losses
epoch:    170 / 1000
saving losses
epoch:    171 / 1000
saving losses
epoch:    172 / 1000
early stopping counter:  2
saving losses
epoch:    173 / 1000
saving losses
epoch:    174 / 1000
early stopping counter:  2
saving losses
epoch:    175 / 1000
saving losses
epoch:    176 / 1000
early stopping counter:  2
saving losses
epoch:    177 / 1000
saving losses
epoch:    178 / 1000
early stopping counter:  2
saving losses
epoch:    179 / 1000
saving losses
epoch:    180 / 1000
saving losses
epoch:    181 / 1000
early stopping counter:  2
saving losses
epoch:    182 / 1000
saving losses
epoch:    183 / 1000
saving losses
epoch:    184 / 1000
saving losses
epoch:    185 / 1000
early stopping counter:  2
saving losses
epoch:    186 / 1000
saving losses
epoch:    187 / 1000
early stopping counter:  2
saving losses
epoch:    188 / 1000
early stopping counter:  4
saving losses
epoch:    189 / 1000
saving losses
epoch:    190 / 1000
saving losses
epoch:    191 / 1000
early stopping counter:  2
saving losses
epoch:    192 / 1000
saving losses
epoch:    193 / 1000
saving losses
epoch:    194 / 1000
early stopping counter:  2
saving losses
epoch:    195 / 1000
saving losses
epoch:    196 / 1000
early stopping counter:  2
saving losses
epoch:    197 / 1000
saving losses
epoch:    198 / 1000
saving losses
epoch:    199 / 1000
early stopping counter:  2
saving losses
epoch:    200 / 1000
early stopping counter:  4
saving losses
epoch:    201 / 1000
early stopping counter:  6
saving losses
epoch:    202 / 1000
saving losses
epoch:    203 / 1000
saving losses
epoch:    204 / 1000
saving losses
epoch:    205 / 1000
early stopping counter:  2
saving losses
epoch:    206 / 1000
saving losses
epoch:    207 / 1000
saving losses
epoch:    208 / 1000
early stopping counter:  2
saving losses
epoch:    209 / 1000
saving losses
epoch:    210 / 1000
saving losses
epoch:    211 / 1000
early stopping counter:  2
saving losses
epoch:    212 / 1000
early stopping counter:  4
saving losses
epoch:    213 / 1000
early stopping counter:  6
saving losses
epoch:    214 / 1000
saving losses
epoch:    215 / 1000
saving losses
epoch:    216 / 1000
early stopping counter:  2
saving losses
epoch:    217 / 1000
saving losses
epoch:    218 / 1000
early stopping counter:  2
saving losses
epoch:    219 / 1000
early stopping counter:  4
saving losses
epoch:    220 / 1000
saving losses
epoch:    221 / 1000
early stopping counter:  2
saving losses
epoch:    222 / 1000
saving losses
epoch:    223 / 1000
early stopping counter:  2
saving losses
epoch:    224 / 1000
saving losses
epoch:    225 / 1000
early stopping counter:  2
saving losses
epoch:    226 / 1000
saving losses
epoch:    227 / 1000
early stopping counter:  2
saving losses
epoch:    228 / 1000
saving losses
epoch:    229 / 1000
saving losses
epoch:    230 / 1000
saving losses
epoch:    231 / 1000
early stopping counter:  2
saving losses
epoch:    232 / 1000
saving losses
epoch:    233 / 1000
saving losses
epoch:    234 / 1000
early stopping counter:  2
saving losses
epoch:    235 / 1000
saving losses
epoch:    236 / 1000
early stopping counter:  2
saving losses
epoch:    237 / 1000
early stopping counter:  4
saving losses
epoch:    238 / 1000
saving losses
epoch:    239 / 1000
saving losses
epoch:    240 / 1000
saving losses
epoch:    241 / 1000
early stopping counter:  2
saving losses
epoch:    242 / 1000
early stopping counter:  4
saving losses
epoch:    243 / 1000
saving losses
epoch:    244 / 1000
early stopping counter:  2
saving losses
epoch:    245 / 1000
early stopping counter:  4
saving losses
epoch:    246 / 1000
saving losses
epoch:    247 / 1000
early stopping counter:  2
saving losses
epoch:    248 / 1000
saving losses
epoch:    249 / 1000
early stopping counter:  2
saving losses
epoch:    250 / 1000
saving losses
epoch:    251 / 1000
early stopping counter:  2
saving losses
epoch:    252 / 1000
saving losses
epoch:    253 / 1000
early stopping counter:  2
saving losses
epoch:    254 / 1000
early stopping counter:  4
saving losses
epoch:    255 / 1000
early stopping counter:  6
saving losses
epoch:    256 / 1000
saving losses
epoch:    257 / 1000
early stopping counter:  2
saving losses
epoch:    258 / 1000
early stopping counter:  4
saving losses
epoch:    259 / 1000
saving losses
epoch:    260 / 1000
early stopping counter:  2
saving losses
epoch:    261 / 1000
saving losses
epoch:    262 / 1000
saving losses
epoch:    263 / 1000
early stopping counter:  2
saving losses
epoch:    264 / 1000
saving losses
epoch:    265 / 1000
early stopping counter:  2
saving losses
epoch:    266 / 1000
early stopping counter:  4
saving losses
epoch:    267 / 1000
saving losses
epoch:    268 / 1000
early stopping counter:  2
saving losses
epoch:    269 / 1000
early stopping counter:  4
saving losses
epoch:    270 / 1000
saving losses
epoch:    271 / 1000
early stopping counter:  2
saving losses
epoch:    272 / 1000
saving losses
epoch:    273 / 1000
saving losses
epoch:    274 / 1000
saving losses
epoch:    275 / 1000
early stopping counter:  2
saving losses
epoch:    276 / 1000
early stopping counter:  4
saving losses
epoch:    277 / 1000
saving losses
epoch:    278 / 1000
saving losses
epoch:    279 / 1000
early stopping counter:  2
saving losses
epoch:    280 / 1000
saving losses
epoch:    281 / 1000
early stopping counter:  2
saving losses
epoch:    282 / 1000
early stopping counter:  4
saving losses
epoch:    283 / 1000
saving losses
epoch:    284 / 1000
early stopping counter:  2
saving losses
epoch:    285 / 1000
early stopping counter:  4
saving losses
epoch:    286 / 1000
saving losses
epoch:    287 / 1000
early stopping counter:  2
saving losses
epoch:    288 / 1000
saving losses
epoch:    289 / 1000
saving losses
epoch:    290 / 1000
early stopping counter:  2
saving losses
epoch:    291 / 1000
saving losses
epoch:    292 / 1000
early stopping counter:  2
saving losses
epoch:    293 / 1000
early stopping counter:  4
saving losses
epoch:    294 / 1000
saving losses
epoch:    295 / 1000
early stopping counter:  2
saving losses
epoch:    296 / 1000
saving losses
epoch:    297 / 1000
saving losses
epoch:    298 / 1000
early stopping counter:  2
saving losses
epoch:    299 / 1000
saving losses
epoch:    300 / 1000
early stopping counter:  2
saving losses
epoch:    301 / 1000
saving losses
epoch:    302 / 1000
saving losses
epoch:    303 / 1000
early stopping counter:  2
saving losses
epoch:    304 / 1000
saving losses
epoch:    305 / 1000
early stopping counter:  2
saving losses
epoch:    306 / 1000
saving losses
epoch:    307 / 1000
early stopping counter:  2
saving losses
epoch:    308 / 1000
saving losses
epoch:    309 / 1000
saving losses
epoch:    310 / 1000
early stopping counter:  2
saving losses
epoch:    311 / 1000
saving losses
epoch:    312 / 1000
saving losses
epoch:    313 / 1000
early stopping counter:  2
saving losses
epoch:    314 / 1000
saving losses
epoch:    315 / 1000
early stopping counter:  2
saving losses
epoch:    316 / 1000
saving losses
epoch:    317 / 1000
saving losses
epoch:    318 / 1000
early stopping counter:  2
saving losses
epoch:    319 / 1000
early stopping counter:  4
saving losses
epoch:    320 / 1000
early stopping counter:  6
saving losses
epoch:    321 / 1000
saving losses
epoch:    322 / 1000
saving losses
epoch:    323 / 1000
saving losses
epoch:    324 / 1000
early stopping counter:  2
saving losses
epoch:    325 / 1000
saving losses
epoch:    326 / 1000
early stopping counter:  2
saving losses
epoch:    327 / 1000
saving losses
epoch:    328 / 1000
saving losses
epoch:    329 / 1000
early stopping counter:  2
saving losses
epoch:    330 / 1000
early stopping counter:  4
saving losses
epoch:    331 / 1000
early stopping counter:  6
saving losses
epoch:    332 / 1000
New min test loss. Saving model
saving losses
epoch:    333 / 1000
early stopping counter:  2
saving losses
epoch:    334 / 1000
early stopping counter:  4
saving losses
epoch:    335 / 1000
early stopping counter:  6
saving losses
epoch:    336 / 1000
saving losses
epoch:    337 / 1000
early stopping counter:  2
saving losses
epoch:    338 / 1000
saving losses
epoch:    339 / 1000
early stopping counter:  2
saving losses
epoch:    340 / 1000
early stopping counter:  4
saving losses
epoch:    341 / 1000
saving losses
epoch:    342 / 1000
saving losses
epoch:    343 / 1000
early stopping counter:  2
saving losses
epoch:    344 / 1000
early stopping counter:  4
saving losses
epoch:    345 / 1000
saving losses
epoch:    346 / 1000
saving losses
epoch:    347 / 1000
early stopping counter:  2
saving losses
epoch:    348 / 1000
early stopping counter:  4
saving losses
epoch:    349 / 1000
early stopping counter:  6
saving losses
epoch:    350 / 1000
saving losses
epoch:    351 / 1000
early stopping counter:  2
saving losses
epoch:    352 / 1000
early stopping counter:  4
saving losses
epoch:    353 / 1000
saving losses
epoch:    354 / 1000
early stopping counter:  2
saving losses
epoch:    355 / 1000
saving losses
epoch:    356 / 1000
early stopping counter:  2
saving losses
epoch:    357 / 1000
saving losses
epoch:    358 / 1000
early stopping counter:  2
saving losses
epoch:    359 / 1000
saving losses
epoch:    360 / 1000
early stopping counter:  2
saving losses
epoch:    361 / 1000
early stopping counter:  4
saving losses
epoch:    362 / 1000
saving losses
epoch:    363 / 1000
early stopping counter:  2
saving losses
epoch:    364 / 1000
saving losses
epoch:    365 / 1000
saving losses
epoch:    366 / 1000
saving losses
epoch:    367 / 1000
early stopping counter:  2
saving losses
epoch:    368 / 1000
early stopping counter:  4
saving losses
epoch:    369 / 1000
early stopping counter:  6
saving losses
epoch:    370 / 1000
saving losses
epoch:    371 / 1000
early stopping counter:  2
saving losses
epoch:    372 / 1000
early stopping counter:  4
saving losses
epoch:    373 / 1000
early stopping counter:  6
saving losses
epoch:    374 / 1000
saving losses
epoch:    375 / 1000
early stopping counter:  2
saving losses
epoch:    376 / 1000
saving losses
epoch:    377 / 1000
early stopping counter:  2
saving losses
epoch:    378 / 1000
early stopping counter:  4
saving losses
epoch:    379 / 1000
saving losses
epoch:    380 / 1000
saving losses
epoch:    381 / 1000
early stopping counter:  2
saving losses
epoch:    382 / 1000
early stopping counter:  4
saving losses
epoch:    383 / 1000
early stopping counter:  6
saving losses
epoch:    384 / 1000
saving losses
epoch:    385 / 1000
early stopping counter:  2
saving losses
epoch:    386 / 1000
early stopping counter:  4
saving losses
epoch:    387 / 1000
saving losses
epoch:    388 / 1000
early stopping counter:  2
saving losses
epoch:    389 / 1000
saving losses
epoch:    390 / 1000
early stopping counter:  2
saving losses
epoch:    391 / 1000
early stopping counter:  4
saving losses
epoch:    392 / 1000
early stopping counter:  6
saving losses
epoch:    393 / 1000
saving losses
epoch:    394 / 1000
early stopping counter:  2
saving losses
epoch:    395 / 1000
saving losses
epoch:    396 / 1000
early stopping counter:  2
saving losses
epoch:    397 / 1000
early stopping counter:  4
saving losses
epoch:    398 / 1000
saving losses
epoch:    399 / 1000
saving losses
epoch:    400 / 1000
saving losses
epoch:    401 / 1000
early stopping counter:  2
saving losses
epoch:    402 / 1000
saving losses
epoch:    403 / 1000
early stopping counter:  2
saving losses
epoch:    404 / 1000
early stopping counter:  4
saving losses
epoch:    405 / 1000
early stopping counter:  6
saving losses
epoch:    406 / 1000
saving losses
epoch:    407 / 1000
saving losses
epoch:    408 / 1000
saving losses
epoch:    409 / 1000
early stopping counter:  2
saving losses
epoch:    410 / 1000
early stopping counter:  4
saving losses
epoch:    411 / 1000
saving losses
epoch:    412 / 1000
saving losses
epoch:    413 / 1000
early stopping counter:  2
saving losses
epoch:    414 / 1000
saving losses
epoch:    415 / 1000
early stopping counter:  2
saving losses
epoch:    416 / 1000
saving losses
epoch:    417 / 1000
saving losses
epoch:    418 / 1000
saving losses
epoch:    419 / 1000
early stopping counter:  2
saving losses
epoch:    420 / 1000
early stopping counter:  4
saving losses
epoch:    421 / 1000
saving losses
epoch:    422 / 1000
saving losses
epoch:    423 / 1000
saving losses
epoch:    424 / 1000
early stopping counter:  2
saving losses
epoch:    425 / 1000
saving losses
epoch:    426 / 1000
early stopping counter:  2
saving losses
epoch:    427 / 1000
saving losses
epoch:    428 / 1000
early stopping counter:  2
saving losses
epoch:    429 / 1000
saving losses
epoch:    430 / 1000
saving losses
epoch:    431 / 1000
early stopping counter:  2
saving losses
epoch:    432 / 1000
early stopping counter:  4
saving losses
epoch:    433 / 1000
saving losses
epoch:    434 / 1000
early stopping counter:  2
saving losses
epoch:    435 / 1000
saving losses
epoch:    436 / 1000
saving losses
epoch:    437 / 1000
early stopping counter:  2
saving losses
epoch:    438 / 1000
saving losses
epoch:    439 / 1000
saving losses
epoch:    440 / 1000
early stopping counter:  2
saving losses
epoch:    441 / 1000
early stopping counter:  4
saving losses
epoch:    442 / 1000
saving losses
epoch:    443 / 1000
saving losses
epoch:    444 / 1000
saving losses
epoch:    445 / 1000
early stopping counter:  2
saving losses
epoch:    446 / 1000
early stopping counter:  4
saving losses
epoch:    447 / 1000
saving losses
epoch:    448 / 1000
early stopping counter:  2
saving losses
epoch:    449 / 1000
saving losses
epoch:    450 / 1000
saving losses
epoch:    451 / 1000
saving losses
epoch:    452 / 1000
early stopping counter:  2
saving losses
epoch:    453 / 1000
saving losses
epoch:    454 / 1000
early stopping counter:  2
saving losses
epoch:    455 / 1000
saving losses
epoch:    456 / 1000
early stopping counter:  2
saving losses
epoch:    457 / 1000
saving losses
epoch:    458 / 1000
saving losses
epoch:    459 / 1000
early stopping counter:  2
saving losses
epoch:    460 / 1000
saving losses
epoch:    461 / 1000
saving losses
epoch:    462 / 1000
saving losses
epoch:    463 / 1000
saving losses
epoch:    464 / 1000
early stopping counter:  2
saving losses
epoch:    465 / 1000
early stopping counter:  4
saving losses
epoch:    466 / 1000
saving losses
epoch:    467 / 1000
early stopping counter:  2
saving losses
epoch:    468 / 1000
early stopping counter:  4
saving losses
epoch:    469 / 1000
saving losses
epoch:    470 / 1000
early stopping counter:  2
saving losses
epoch:    471 / 1000
early stopping counter:  4
saving losses
epoch:    472 / 1000
saving losses
epoch:    473 / 1000
early stopping counter:  2
saving losses
epoch:    474 / 1000
saving losses
epoch:    475 / 1000
early stopping counter:  2
saving losses
epoch:    476 / 1000
early stopping counter:  4
saving losses
epoch:    477 / 1000
early stopping counter:  6
saving losses
epoch:    478 / 1000
saving losses
epoch:    479 / 1000
New min test loss. Saving model
saving losses
epoch:    480 / 1000
early stopping counter:  2
saving losses
epoch:    481 / 1000
saving losses
epoch:    482 / 1000
saving losses
epoch:    483 / 1000
early stopping counter:  2
saving losses
epoch:    484 / 1000
saving losses
epoch:    485 / 1000
early stopping counter:  2
saving losses
epoch:    486 / 1000
saving losses
epoch:    487 / 1000
early stopping counter:  2
saving losses
epoch:    488 / 1000
early stopping counter:  4
saving losses
epoch:    489 / 1000
early stopping counter:  6
saving losses
epoch:    490 / 1000
saving losses
epoch:    491 / 1000
saving losses
epoch:    492 / 1000
early stopping counter:  2
saving losses
epoch:    493 / 1000
saving losses
epoch:    494 / 1000
saving losses
epoch:    495 / 1000
saving losses
epoch:    496 / 1000
early stopping counter:  2
saving losses
epoch:    497 / 1000
saving losses
epoch:    498 / 1000
early stopping counter:  2
saving losses
epoch:    499 / 1000
saving losses
epoch:    500 / 1000
early stopping counter:  2
saving losses
epoch:    501 / 1000
saving losses
epoch:    502 / 1000
early stopping counter:  2
saving losses
epoch:    503 / 1000
saving losses
epoch:    504 / 1000
early stopping counter:  2
saving losses
epoch:    505 / 1000
early stopping counter:  4
saving losses
epoch:    506 / 1000
saving losses
epoch:    507 / 1000
saving losses
epoch:    508 / 1000
early stopping counter:  2
saving losses
epoch:    509 / 1000
early stopping counter:  4
saving losses
epoch:    510 / 1000
saving losses
epoch:    511 / 1000
early stopping counter:  2
saving losses
epoch:    512 / 1000
saving losses
epoch:    513 / 1000
early stopping counter:  2
saving losses
epoch:    514 / 1000
saving losses
epoch:    515 / 1000
saving losses
epoch:    516 / 1000
early stopping counter:  2
saving losses
epoch:    517 / 1000
saving losses
epoch:    518 / 1000
saving losses
epoch:    519 / 1000
early stopping counter:  2
saving losses
epoch:    520 / 1000
early stopping counter:  4
saving losses
epoch:    521 / 1000
saving losses
epoch:    522 / 1000
early stopping counter:  2
saving losses
epoch:    523 / 1000
saving losses
epoch:    524 / 1000
saving losses
epoch:    525 / 1000
saving losses
epoch:    526 / 1000
early stopping counter:  2
saving losses
epoch:    527 / 1000
saving losses
epoch:    528 / 1000
saving losses
epoch:    529 / 1000
early stopping counter:  2
saving losses
epoch:    530 / 1000
saving losses
epoch:    531 / 1000
saving losses
epoch:    532 / 1000
early stopping counter:  2
saving losses
epoch:    533 / 1000
saving losses
epoch:    534 / 1000
early stopping counter:  2
saving losses
epoch:    535 / 1000
early stopping counter:  4
saving losses
epoch:    536 / 1000
saving losses
epoch:    537 / 1000
early stopping counter:  2
saving losses
epoch:    538 / 1000
early stopping counter:  4
saving losses
epoch:    539 / 1000
saving losses
epoch:    540 / 1000
saving losses
epoch:    541 / 1000
saving losses
epoch:    542 / 1000
early stopping counter:  2
saving losses
epoch:    543 / 1000
saving losses
epoch:    544 / 1000
saving losses
epoch:    545 / 1000
early stopping counter:  2
saving losses
epoch:    546 / 1000
early stopping counter:  4
saving losses
epoch:    547 / 1000
saving losses
epoch:    548 / 1000
early stopping counter:  2
saving losses
epoch:    549 / 1000
saving losses
epoch:    550 / 1000
early stopping counter:  2
saving losses
epoch:    551 / 1000
early stopping counter:  4
saving losses
epoch:    552 / 1000
saving losses
epoch:    553 / 1000
early stopping counter:  2
saving losses
epoch:    554 / 1000
early stopping counter:  4
saving losses
epoch:    555 / 1000
saving losses
epoch:    556 / 1000
early stopping counter:  2
saving losses
epoch:    557 / 1000
saving losses
epoch:    558 / 1000
early stopping counter:  2
saving losses
epoch:    559 / 1000
saving losses
epoch:    560 / 1000
early stopping counter:  2
saving losses
epoch:    561 / 1000
early stopping counter:  4
saving losses
epoch:    562 / 1000
saving losses
epoch:    563 / 1000
early stopping counter:  2
saving losses
epoch:    564 / 1000
saving losses
epoch:    565 / 1000
saving losses
epoch:    566 / 1000
early stopping counter:  2
saving losses
epoch:    567 / 1000
saving losses
epoch:    568 / 1000
early stopping counter:  2
saving losses
epoch:    569 / 1000
saving losses
epoch:    570 / 1000
saving losses
epoch:    571 / 1000
early stopping counter:  2
saving losses
epoch:    572 / 1000
saving losses
epoch:    573 / 1000
early stopping counter:  2
saving losses
epoch:    574 / 1000
saving losses
epoch:    575 / 1000
early stopping counter:  2
saving losses
epoch:    576 / 1000
saving losses
epoch:    577 / 1000
saving losses
epoch:    578 / 1000
saving losses
epoch:    579 / 1000
saving losses
epoch:    580 / 1000
early stopping counter:  2
saving losses
epoch:    581 / 1000
early stopping counter:  4
saving losses
epoch:    582 / 1000
early stopping counter:  6
saving losses
epoch:    583 / 1000
saving losses
epoch:    584 / 1000
saving losses
epoch:    585 / 1000
saving losses
epoch:    586 / 1000
saving losses
epoch:    587 / 1000
early stopping counter:  2
saving losses
epoch:    588 / 1000
saving losses
epoch:    589 / 1000
early stopping counter:  2
saving losses
epoch:    590 / 1000
saving losses
epoch:    591 / 1000
early stopping counter:  2
saving losses
epoch:    592 / 1000
saving losses
epoch:    593 / 1000
saving losses
epoch:    594 / 1000
early stopping counter:  2
saving losses
epoch:    595 / 1000
saving losses
epoch:    596 / 1000
early stopping counter:  2
saving losses
epoch:    597 / 1000
saving losses
epoch:    598 / 1000
early stopping counter:  2
saving losses
epoch:    599 / 1000
saving losses
epoch:    600 / 1000
saving losses
epoch:    601 / 1000
early stopping counter:  2
saving losses
epoch:    602 / 1000
saving losses
epoch:    603 / 1000
early stopping counter:  2
saving losses
epoch:    604 / 1000
saving losses
epoch:    605 / 1000
early stopping counter:  2
saving losses
epoch:    606 / 1000
early stopping counter:  4
saving losses
epoch:    607 / 1000
saving losses
epoch:    608 / 1000
saving losses
epoch:    609 / 1000
early stopping counter:  2
saving losses
epoch:    610 / 1000
saving losses
epoch:    611 / 1000
early stopping counter:  2
saving losses
epoch:    612 / 1000
saving losses
epoch:    613 / 1000
early stopping counter:  2
saving losses
epoch:    614 / 1000
saving losses
epoch:    615 / 1000
saving losses
epoch:    616 / 1000
early stopping counter:  2
saving losses
epoch:    617 / 1000
saving losses
epoch:    618 / 1000
early stopping counter:  2
saving losses
epoch:    619 / 1000
saving losses
epoch:    620 / 1000
saving losses
epoch:    621 / 1000
early stopping counter:  2
saving losses
epoch:    622 / 1000
early stopping counter:  4
saving losses
epoch:    623 / 1000
saving losses
epoch:    624 / 1000
early stopping counter:  2
saving losses
epoch:    625 / 1000
saving losses
epoch:    626 / 1000
early stopping counter:  2
saving losses
epoch:    627 / 1000
saving losses
epoch:    628 / 1000
early stopping counter:  2
saving losses
epoch:    629 / 1000
saving losses
epoch:    630 / 1000
saving losses
epoch:    631 / 1000
saving losses
epoch:    632 / 1000
early stopping counter:  2
saving losses
epoch:    633 / 1000
saving losses
epoch:    634 / 1000
saving losses
epoch:    635 / 1000
early stopping counter:  2
saving losses
epoch:    636 / 1000
early stopping counter:  4
saving losses
epoch:    637 / 1000
saving losses
epoch:    638 / 1000
saving losses
epoch:    639 / 1000
early stopping counter:  2
saving losses
epoch:    640 / 1000
saving losses
epoch:    641 / 1000
early stopping counter:  2
saving losses
epoch:    642 / 1000
saving losses
epoch:    643 / 1000
saving losses
epoch:    644 / 1000
early stopping counter:  2
saving losses
epoch:    645 / 1000
saving losses
epoch:    646 / 1000
saving losses
epoch:    647 / 1000
early stopping counter:  2
saving losses
epoch:    648 / 1000
saving losses
epoch:    649 / 1000
early stopping counter:  2
saving losses
epoch:    650 / 1000
saving losses
epoch:    651 / 1000
early stopping counter:  2
saving losses
epoch:    652 / 1000
saving losses
epoch:    653 / 1000
early stopping counter:  2
saving losses
epoch:    654 / 1000
saving losses
epoch:    655 / 1000
early stopping counter:  2
saving losses
epoch:    656 / 1000
early stopping counter:  4
saving losses
epoch:    657 / 1000
saving losses
epoch:    658 / 1000
saving losses
epoch:    659 / 1000
early stopping counter:  2
saving losses
epoch:    660 / 1000
saving losses
epoch:    661 / 1000
early stopping counter:  2
saving losses
epoch:    662 / 1000
early stopping counter:  4
saving losses
epoch:    663 / 1000
saving losses
epoch:    664 / 1000
New min test loss. Saving model
saving losses
epoch:    665 / 1000
early stopping counter:  2
saving losses
epoch:    666 / 1000
saving losses
epoch:    667 / 1000
early stopping counter:  2
saving losses
epoch:    668 / 1000
early stopping counter:  4
saving losses
epoch:    669 / 1000
saving losses
epoch:    670 / 1000
early stopping counter:  2
saving losses
epoch:    671 / 1000
saving losses
epoch:    672 / 1000
early stopping counter:  2
saving losses
epoch:    673 / 1000
saving losses
epoch:    674 / 1000
early stopping counter:  2
saving losses
epoch:    675 / 1000
saving losses
epoch:    676 / 1000
saving losses
epoch:    677 / 1000
saving losses
epoch:    678 / 1000
saving losses
epoch:    679 / 1000
early stopping counter:  2
saving losses
epoch:    680 / 1000
saving losses
epoch:    681 / 1000
saving losses
epoch:    682 / 1000
early stopping counter:  2
saving losses
epoch:    683 / 1000
early stopping counter:  4
saving losses
epoch:    684 / 1000
saving losses
epoch:    685 / 1000
saving losses
epoch:    686 / 1000
early stopping counter:  2
saving losses
epoch:    687 / 1000
saving losses
epoch:    688 / 1000
early stopping counter:  2
saving losses
epoch:    689 / 1000
early stopping counter:  4
saving losses
epoch:    690 / 1000
early stopping counter:  6
saving losses
epoch:    691 / 1000
early stopping counter:  8
saving losses
epoch:    692 / 1000
early stopping counter:  10
saving losses
epoch:    693 / 1000
saving losses
epoch:    694 / 1000
early stopping counter:  2
saving losses
epoch:    695 / 1000
saving losses
epoch:    696 / 1000
early stopping counter:  2
saving losses
epoch:    697 / 1000
saving losses
epoch:    698 / 1000
early stopping counter:  2
saving losses
epoch:    699 / 1000
early stopping counter:  4
saving losses
epoch:    700 / 1000
saving losses
epoch:    701 / 1000
early stopping counter:  2
saving losses
epoch:    702 / 1000
early stopping counter:  4
saving losses
epoch:    703 / 1000
saving losses
epoch:    704 / 1000
saving losses
epoch:    705 / 1000
saving losses
epoch:    706 / 1000
early stopping counter:  2
saving losses
epoch:    707 / 1000
early stopping counter:  4
saving losses
epoch:    708 / 1000
saving losses
epoch:    709 / 1000
saving losses
epoch:    710 / 1000
early stopping counter:  2
saving losses
epoch:    711 / 1000
saving losses
epoch:    712 / 1000
saving losses
epoch:    713 / 1000
saving losses
epoch:    714 / 1000
early stopping counter:  2
saving losses
epoch:    715 / 1000
saving losses
epoch:    716 / 1000
saving losses
epoch:    717 / 1000
early stopping counter:  2
saving losses
epoch:    718 / 1000
saving losses
epoch:    719 / 1000
saving losses
epoch:    720 / 1000
saving losses
epoch:    721 / 1000
early stopping counter:  2
saving losses
epoch:    722 / 1000
saving losses
epoch:    723 / 1000
saving losses
epoch:    724 / 1000
early stopping counter:  2
saving losses
epoch:    725 / 1000
saving losses
epoch:    726 / 1000
early stopping counter:  2
saving losses
epoch:    727 / 1000
saving losses
epoch:    728 / 1000
saving losses
epoch:    729 / 1000
saving losses
epoch:    730 / 1000
early stopping counter:  2
saving losses
epoch:    731 / 1000
early stopping counter:  4
saving losses
epoch:    732 / 1000
saving losses
epoch:    733 / 1000
early stopping counter:  2
saving losses
epoch:    734 / 1000
saving losses
epoch:    735 / 1000
saving losses
epoch:    736 / 1000
early stopping counter:  2
saving losses
epoch:    737 / 1000
saving losses
epoch:    738 / 1000
early stopping counter:  2
saving losses
epoch:    739 / 1000
saving losses
epoch:    740 / 1000
early stopping counter:  2
saving losses
epoch:    741 / 1000
saving losses
epoch:    742 / 1000
early stopping counter:  2
saving losses
epoch:    743 / 1000
saving losses
epoch:    744 / 1000
early stopping counter:  2
saving losses
epoch:    745 / 1000
early stopping counter:  4
saving losses
epoch:    746 / 1000
saving losses
epoch:    747 / 1000
early stopping counter:  2
saving losses
epoch:    748 / 1000
saving losses
epoch:    749 / 1000
saving losses
epoch:    750 / 1000
early stopping counter:  2
saving losses
epoch:    751 / 1000
saving losses
epoch:    752 / 1000
early stopping counter:  2
saving losses
epoch:    753 / 1000
saving losses
epoch:    754 / 1000
early stopping counter:  2
saving losses
epoch:    755 / 1000
early stopping counter:  4
saving losses
epoch:    756 / 1000
saving losses
epoch:    757 / 1000
early stopping counter:  2
saving losses
epoch:    758 / 1000
early stopping counter:  4
saving losses
epoch:    759 / 1000
saving losses
epoch:    760 / 1000
early stopping counter:  2
saving losses
epoch:    761 / 1000
early stopping counter:  4
saving losses
epoch:    762 / 1000
early stopping counter:  6
saving losses
epoch:    763 / 1000
saving losses
epoch:    764 / 1000
early stopping counter:  2
saving losses
epoch:    765 / 1000
early stopping counter:  4
saving losses
epoch:    766 / 1000
early stopping counter:  6
saving losses
epoch:    767 / 1000
saving losses
epoch:    768 / 1000
saving losses
epoch:    769 / 1000
saving losses
epoch:    770 / 1000
saving losses
epoch:    771 / 1000
early stopping counter:  2
saving losses
epoch:    772 / 1000
saving losses
epoch:    773 / 1000
saving losses
epoch:    774 / 1000
early stopping counter:  2
saving losses
epoch:    775 / 1000
saving losses
epoch:    776 / 1000
early stopping counter:  2
saving losses
epoch:    777 / 1000
early stopping counter:  4
saving losses
epoch:    778 / 1000
saving losses
epoch:    779 / 1000
early stopping counter:  2
saving losses
epoch:    780 / 1000
saving losses
epoch:    781 / 1000
early stopping counter:  2
saving losses
epoch:    782 / 1000
saving losses
epoch:    783 / 1000
saving losses
epoch:    784 / 1000
early stopping counter:  2
saving losses
epoch:    785 / 1000
saving losses
epoch:    786 / 1000
saving losses
epoch:    787 / 1000
early stopping counter:  2
saving losses
epoch:    788 / 1000
saving losses
epoch:    789 / 1000
early stopping counter:  2
saving losses
epoch:    790 / 1000
saving losses
epoch:    791 / 1000
early stopping counter:  2
saving losses
epoch:    792 / 1000
early stopping counter:  4
saving losses
epoch:    793 / 1000
early stopping counter:  6
saving losses
epoch:    794 / 1000
saving losses
epoch:    795 / 1000
saving losses
epoch:    796 / 1000
saving losses
epoch:    797 / 1000
saving losses
epoch:    798 / 1000
early stopping counter:  2
saving losses
epoch:    799 / 1000
saving losses
epoch:    800 / 1000
early stopping counter:  2
saving losses
epoch:    801 / 1000
early stopping counter:  4
saving losses
epoch:    802 / 1000
saving losses
epoch:    803 / 1000
early stopping counter:  2
saving losses
epoch:    804 / 1000
saving losses
epoch:    805 / 1000
early stopping counter:  2
saving losses
epoch:    806 / 1000
early stopping counter:  4
saving losses
epoch:    807 / 1000
saving losses
epoch:    808 / 1000
early stopping counter:  2
saving losses
epoch:    809 / 1000
saving losses
epoch:    810 / 1000
saving losses
epoch:    811 / 1000
early stopping counter:  2
saving losses
epoch:    812 / 1000
saving losses
epoch:    813 / 1000
early stopping counter:  2
saving losses
epoch:    814 / 1000
saving losses
epoch:    815 / 1000
early stopping counter:  2
saving losses
epoch:    816 / 1000
saving losses
epoch:    817 / 1000
early stopping counter:  2
saving losses
epoch:    818 / 1000
saving losses
epoch:    819 / 1000
early stopping counter:  2
saving losses
epoch:    820 / 1000
saving losses
epoch:    821 / 1000
saving losses
epoch:    822 / 1000
saving losses
epoch:    823 / 1000
early stopping counter:  2
saving losses
epoch:    824 / 1000
saving losses
epoch:    825 / 1000
saving losses
epoch:    826 / 1000
early stopping counter:  2
saving losses
epoch:    827 / 1000
saving losses
epoch:    828 / 1000
early stopping counter:  2
saving losses
epoch:    829 / 1000
saving losses
epoch:    830 / 1000
early stopping counter:  2
saving losses
epoch:    831 / 1000
early stopping counter:  4
saving losses
epoch:    832 / 1000
saving losses
epoch:    833 / 1000
saving losses
epoch:    834 / 1000
early stopping counter:  2
saving losses
epoch:    835 / 1000
early stopping counter:  4
saving losses
epoch:    836 / 1000
saving losses
epoch:    837 / 1000
saving losses
epoch:    838 / 1000
early stopping counter:  2
saving losses
epoch:    839 / 1000
saving losses
epoch:    840 / 1000
saving losses
epoch:    841 / 1000
early stopping counter:  2
saving losses
epoch:    842 / 1000
early stopping counter:  4
saving losses
epoch:    843 / 1000
saving losses
epoch:    844 / 1000
saving losses
epoch:    845 / 1000
early stopping counter:  2
saving losses
epoch:    846 / 1000
saving losses
epoch:    847 / 1000
early stopping counter:  2
saving losses
epoch:    848 / 1000
saving losses
epoch:    849 / 1000
early stopping counter:  2
saving losses
epoch:    850 / 1000
early stopping counter:  4
saving losses
epoch:    851 / 1000
saving losses
epoch:    852 / 1000
saving losses
epoch:    853 / 1000
early stopping counter:  2
saving losses
epoch:    854 / 1000
saving losses
epoch:    855 / 1000
early stopping counter:  2
saving losses
epoch:    856 / 1000
early stopping counter:  4
saving losses
epoch:    857 / 1000
early stopping counter:  6
saving losses
epoch:    858 / 1000
early stopping counter:  8
saving losses
epoch:    859 / 1000
saving losses
epoch:    860 / 1000
saving losses
epoch:    861 / 1000
saving losses
epoch:    862 / 1000
saving losses
epoch:    863 / 1000
early stopping counter:  2
saving losses
epoch:    864 / 1000
early stopping counter:  4
saving losses
epoch:    865 / 1000
saving losses
epoch:    866 / 1000
saving losses
epoch:    867 / 1000
early stopping counter:  2
saving losses
epoch:    868 / 1000
saving losses
epoch:    869 / 1000
early stopping counter:  2
saving losses
epoch:    870 / 1000
saving losses
epoch:    871 / 1000
early stopping counter:  2
saving losses
epoch:    872 / 1000
early stopping counter:  4
saving losses
epoch:    873 / 1000
saving losses
epoch:    874 / 1000
early stopping counter:  2
saving losses
epoch:    875 / 1000
saving losses
epoch:    876 / 1000
early stopping counter:  2
saving losses
epoch:    877 / 1000
early stopping counter:  4
saving losses
epoch:    878 / 1000
saving losses
epoch:    879 / 1000
early stopping counter:  2
saving losses
epoch:    880 / 1000
early stopping counter:  4
saving losses
epoch:    881 / 1000
saving losses
epoch:    882 / 1000
early stopping counter:  2
saving losses
epoch:    883 / 1000
saving losses
epoch:    884 / 1000
early stopping counter:  2
saving losses
epoch:    885 / 1000
saving losses
epoch:    886 / 1000
early stopping counter:  2
saving losses
epoch:    887 / 1000
saving losses
epoch:    888 / 1000
saving losses
epoch:    889 / 1000
early stopping counter:  2
saving losses
epoch:    890 / 1000
saving losses
epoch:    891 / 1000
early stopping counter:  2
saving losses
epoch:    892 / 1000
saving losses
epoch:    893 / 1000
early stopping counter:  2
saving losses
epoch:    894 / 1000
saving losses
epoch:    895 / 1000
saving losses
epoch:    896 / 1000
early stopping counter:  2
saving losses
epoch:    897 / 1000
saving losses
epoch:    898 / 1000
saving losses
epoch:    899 / 1000
saving losses
epoch:    900 / 1000
saving losses
epoch:    901 / 1000
early stopping counter:  2
saving losses
epoch:    902 / 1000
early stopping counter:  4
saving losses
epoch:    903 / 1000
saving losses
epoch:    904 / 1000
saving losses
epoch:    905 / 1000
saving losses
epoch:    906 / 1000
saving losses
epoch:    907 / 1000
saving losses
epoch:    908 / 1000
early stopping counter:  2
saving losses
epoch:    909 / 1000
early stopping counter:  4
saving losses
epoch:    910 / 1000
early stopping counter:  6
saving losses
epoch:    911 / 1000
early stopping counter:  8
saving losses
epoch:    912 / 1000
saving losses
epoch:    913 / 1000
early stopping counter:  2
saving losses
epoch:    914 / 1000
early stopping counter:  4
saving losses
epoch:    915 / 1000
saving losses
epoch:    916 / 1000
saving losses
epoch:    917 / 1000
early stopping counter:  2
saving losses
epoch:    918 / 1000
early stopping counter:  4
saving losses
epoch:    919 / 1000
early stopping counter:  6
saving losses
epoch:    920 / 1000
saving losses
epoch:    921 / 1000
early stopping counter:  2
saving losses
epoch:    922 / 1000
early stopping counter:  4
saving losses
epoch:    923 / 1000
saving losses
epoch:    924 / 1000
early stopping counter:  2
saving losses
epoch:    925 / 1000
saving losses
epoch:    926 / 1000
early stopping counter:  2
saving losses
epoch:    927 / 1000
early stopping counter:  4
saving losses
epoch:    928 / 1000
early stopping counter:  6
saving losses
epoch:    929 / 1000
saving losses
epoch:    930 / 1000
early stopping counter:  2
saving losses
epoch:    931 / 1000
saving losses
epoch:    932 / 1000
early stopping counter:  2
saving losses
epoch:    933 / 1000
saving losses
epoch:    934 / 1000
early stopping counter:  2
saving losses
epoch:    935 / 1000
saving losses
epoch:    936 / 1000
early stopping counter:  2
saving losses
epoch:    937 / 1000
early stopping counter:  4
saving losses
epoch:    938 / 1000
saving losses
epoch:    939 / 1000
saving losses
epoch:    940 / 1000
early stopping counter:  2
saving losses
epoch:    941 / 1000
saving losses
epoch:    942 / 1000
saving losses
epoch:    943 / 1000
early stopping counter:  2
saving losses
epoch:    944 / 1000
saving losses
epoch:    945 / 1000
early stopping counter:  2
saving losses
epoch:    946 / 1000
saving losses
epoch:    947 / 1000
saving losses
epoch:    948 / 1000
early stopping counter:  2
saving losses
epoch:    949 / 1000
saving losses
epoch:    950 / 1000
early stopping counter:  2
saving losses
epoch:    951 / 1000
saving losses
epoch:    952 / 1000
early stopping counter:  2
saving losses
epoch:    953 / 1000
saving losses
epoch:    954 / 1000
early stopping counter:  2
saving losses
epoch:    955 / 1000
early stopping counter:  4
saving losses
epoch:    956 / 1000
early stopping counter:  6
saving losses
epoch:    957 / 1000
saving losses
epoch:    958 / 1000
early stopping counter:  2
saving losses
epoch:    959 / 1000
early stopping counter:  4
saving losses
epoch:    960 / 1000
early stopping counter:  6
saving losses
epoch:    961 / 1000
early stopping counter:  8
saving losses
epoch:    962 / 1000
saving losses
epoch:    963 / 1000
early stopping counter:  2
saving losses
epoch:    964 / 1000
saving losses
epoch:    965 / 1000
early stopping counter:  2
saving losses
epoch:    966 / 1000
saving losses
epoch:    967 / 1000
saving losses
epoch:    968 / 1000
early stopping counter:  2
saving losses
epoch:    969 / 1000
early stopping counter:  4
saving losses
epoch:    970 / 1000
saving losses
epoch:    971 / 1000
early stopping counter:  2
saving losses
epoch:    972 / 1000
early stopping counter:  4
saving losses
epoch:    973 / 1000
saving losses
epoch:    974 / 1000
saving losses
epoch:    975 / 1000
early stopping counter:  2
saving losses
epoch:    976 / 1000
saving losses
epoch:    977 / 1000
early stopping counter:  2
saving losses
epoch:    978 / 1000
saving losses
epoch:    979 / 1000
saving losses
epoch:    980 / 1000
early stopping counter:  2
saving losses
epoch:    981 / 1000
saving losses
epoch:    982 / 1000
early stopping counter:  2
saving losses
epoch:    983 / 1000
early stopping counter:  4
saving losses
epoch:    984 / 1000
saving losses
epoch:    985 / 1000
early stopping counter:  2
saving losses
epoch:    986 / 1000
saving losses
epoch:    987 / 1000
early stopping counter:  2
saving losses
epoch:    988 / 1000
saving losses
epoch:    989 / 1000
early stopping counter:  2
saving losses
epoch:    990 / 1000
early stopping counter:  4
saving losses
epoch:    991 / 1000
saving losses
epoch:    992 / 1000
early stopping counter:  2
saving losses
epoch:    993 / 1000
saving losses
epoch:    994 / 1000
early stopping counter:  2
saving losses
epoch:    995 / 1000
saving losses
epoch:    996 / 1000
saving losses
epoch:    997 / 1000
saving losses
epoch:    998 / 1000
early stopping counter:  2
saving losses
epoch:    999 / 1000
saving losses
training has finished
experiment has finished
