Fri Jul  3 22:04:47 -04 2020
You have selected lazy loading. Light curves will be loaded ondemand from the harddrive
Found 3 csv files at given path
starting the training
epoch:    0 / 2000
early stopping counter:  2
New min test loss. Saving model
saving losses
epoch:    1 / 2000
New min test loss. Saving model
saving losses
epoch:    2 / 2000
New min test loss. Saving model
saving losses
epoch:    3 / 2000
New min test loss. Saving model
saving losses
epoch:    4 / 2000
early stopping counter:  2
saving losses
epoch:    5 / 2000
New min test loss. Saving model
saving losses
epoch:    6 / 2000
New min test loss. Saving model
saving losses
epoch:    7 / 2000
New min test loss. Saving model
saving losses
epoch:    8 / 2000
New min test loss. Saving model
saving losses
epoch:    9 / 2000
early stopping counter:  2
saving losses
epoch:    10 / 2000
saving losses
epoch:    11 / 2000
New min test loss. Saving model
saving losses
epoch:    12 / 2000
early stopping counter:  2
saving losses
epoch:    13 / 2000
saving losses
epoch:    14 / 2000
early stopping counter:  2
saving losses
epoch:    15 / 2000
New min test loss. Saving model
saving losses
epoch:    16 / 2000
early stopping counter:  2
saving losses
epoch:    17 / 2000
early stopping counter:  4
saving losses
epoch:    18 / 2000
early stopping counter:  6
saving losses
epoch:    19 / 2000
saving losses
epoch:    20 / 2000
early stopping counter:  2
saving losses
epoch:    21 / 2000
early stopping counter:  4
saving losses
epoch:    22 / 2000
saving losses
epoch:    23 / 2000
early stopping counter:  2
saving losses
epoch:    24 / 2000
saving losses
epoch:    25 / 2000
early stopping counter:  2
saving losses
epoch:    26 / 2000
saving losses
epoch:    27 / 2000
early stopping counter:  2
saving losses
epoch:    28 / 2000
saving losses
epoch:    29 / 2000
early stopping counter:  2
saving losses
epoch:    30 / 2000
early stopping counter:  4
saving losses
epoch:    31 / 2000
saving losses
epoch:    32 / 2000
early stopping counter:  2
saving losses
epoch:    33 / 2000
early stopping counter:  4
saving losses
epoch:    34 / 2000
early stopping counter:  6
saving losses
epoch:    35 / 2000
saving losses
epoch:    36 / 2000
saving losses
epoch:    37 / 2000
early stopping counter:  2
saving losses
epoch:    38 / 2000
saving losses
epoch:    39 / 2000
early stopping counter:  2
saving losses
epoch:    40 / 2000
early stopping counter:  4
saving losses
epoch:    41 / 2000
saving losses
epoch:    42 / 2000
early stopping counter:  2
saving losses
epoch:    43 / 2000
saving losses
epoch:    44 / 2000
saving losses
epoch:    45 / 2000
saving losses
epoch:    46 / 2000
early stopping counter:  2
saving losses
epoch:    47 / 2000
early stopping counter:  4
saving losses
epoch:    48 / 2000
early stopping counter:  6
saving losses
epoch:    49 / 2000
saving losses
epoch:    50 / 2000
early stopping counter:  2
saving losses
epoch:    51 / 2000
saving losses
epoch:    52 / 2000
early stopping counter:  2
saving losses
epoch:    53 / 2000
saving losses
epoch:    54 / 2000
early stopping counter:  2
saving losses
epoch:    55 / 2000
saving losses
epoch:    56 / 2000
saving losses
epoch:    57 / 2000
early stopping counter:  2
saving losses
epoch:    58 / 2000
saving losses
epoch:    59 / 2000
early stopping counter:  2
saving losses
epoch:    60 / 2000
saving losses
epoch:    61 / 2000
saving losses
epoch:    62 / 2000
early stopping counter:  2
saving losses
epoch:    63 / 2000
saving losses
epoch:    64 / 2000
saving losses
epoch:    65 / 2000
early stopping counter:  2
saving losses
epoch:    66 / 2000
saving losses
epoch:    67 / 2000
saving losses
epoch:    68 / 2000
saving losses
epoch:    69 / 2000
saving losses
epoch:    70 / 2000
saving losses
epoch:    71 / 2000
early stopping counter:  2
saving losses
epoch:    72 / 2000
saving losses
epoch:    73 / 2000
early stopping counter:  2
saving losses
epoch:    74 / 2000
saving losses
epoch:    75 / 2000
early stopping counter:  2
saving losses
epoch:    76 / 2000
early stopping counter:  4
saving losses
epoch:    77 / 2000
early stopping counter:  6
saving losses
epoch:    78 / 2000
saving losses
epoch:    79 / 2000
early stopping counter:  2
saving losses
epoch:    80 / 2000
saving losses
epoch:    81 / 2000
early stopping counter:  2
saving losses
epoch:    82 / 2000
saving losses
epoch:    83 / 2000
saving losses
epoch:    84 / 2000
early stopping counter:  2
saving losses
epoch:    85 / 2000
early stopping counter:  4
saving losses
epoch:    86 / 2000
early stopping counter:  6
saving losses
epoch:    87 / 2000
saving losses
epoch:    88 / 2000
saving losses
epoch:    89 / 2000
early stopping counter:  2
saving losses
epoch:    90 / 2000
early stopping counter:  4
saving losses
epoch:    91 / 2000
saving losses
epoch:    92 / 2000
early stopping counter:  2
saving losses
epoch:    93 / 2000
early stopping counter:  4
saving losses
epoch:    94 / 2000
saving losses
epoch:    95 / 2000
early stopping counter:  2
saving losses
epoch:    96 / 2000
saving losses
epoch:    97 / 2000
saving losses
epoch:    98 / 2000
saving losses
epoch:    99 / 2000
early stopping counter:  2
saving losses
epoch:    100 / 2000
early stopping counter:  4
saving losses
epoch:    101 / 2000
saving losses
epoch:    102 / 2000
saving losses
epoch:    103 / 2000
early stopping counter:  2
saving losses
epoch:    104 / 2000
saving losses
epoch:    105 / 2000
saving losses
epoch:    106 / 2000
early stopping counter:  2
saving losses
epoch:    107 / 2000
early stopping counter:  4
saving losses
epoch:    108 / 2000
saving losses
epoch:    109 / 2000
early stopping counter:  2
saving losses
epoch:    110 / 2000
early stopping counter:  4
saving losses
epoch:    111 / 2000
saving losses
epoch:    112 / 2000
saving losses
epoch:    113 / 2000
early stopping counter:  2
saving losses
epoch:    114 / 2000
saving losses
epoch:    115 / 2000
early stopping counter:  2
saving losses
epoch:    116 / 2000
saving losses
epoch:    117 / 2000
early stopping counter:  2
saving losses
epoch:    118 / 2000
early stopping counter:  4
saving losses
epoch:    119 / 2000
saving losses
epoch:    120 / 2000
early stopping counter:  2
saving losses
epoch:    121 / 2000
saving losses
epoch:    122 / 2000
saving losses
epoch:    123 / 2000
saving losses
epoch:    124 / 2000
early stopping counter:  2
saving losses
epoch:    125 / 2000
saving losses
epoch:    126 / 2000
saving losses
epoch:    127 / 2000
saving losses
epoch:    128 / 2000
saving losses
epoch:    129 / 2000
early stopping counter:  2
saving losses
epoch:    130 / 2000
saving losses
epoch:    131 / 2000
early stopping counter:  2
saving losses
epoch:    132 / 2000
saving losses
epoch:    133 / 2000
saving losses
epoch:    134 / 2000
early stopping counter:  2
saving losses
epoch:    135 / 2000
saving losses
epoch:    136 / 2000
early stopping counter:  2
saving losses
epoch:    137 / 2000
early stopping counter:  4
saving losses
epoch:    138 / 2000
saving losses
epoch:    139 / 2000
early stopping counter:  2
saving losses
epoch:    140 / 2000
saving losses
epoch:    141 / 2000
saving losses
epoch:    142 / 2000
early stopping counter:  2
saving losses
epoch:    143 / 2000
saving losses
epoch:    144 / 2000
early stopping counter:  2
saving losses
epoch:    145 / 2000
early stopping counter:  4
saving losses
epoch:    146 / 2000
saving losses
epoch:    147 / 2000
early stopping counter:  2
saving losses
epoch:    148 / 2000
saving losses
epoch:    149 / 2000
early stopping counter:  2
saving losses
epoch:    150 / 2000
early stopping counter:  4
saving losses
epoch:    151 / 2000
saving losses
epoch:    152 / 2000
saving losses
epoch:    153 / 2000
early stopping counter:  2
saving losses
epoch:    154 / 2000
saving losses
epoch:    155 / 2000
early stopping counter:  2
saving losses
epoch:    156 / 2000
saving losses
epoch:    157 / 2000
early stopping counter:  2
saving losses
epoch:    158 / 2000
early stopping counter:  4
saving losses
epoch:    159 / 2000
early stopping counter:  6
saving losses
epoch:    160 / 2000
saving losses
epoch:    161 / 2000
early stopping counter:  2
saving losses
epoch:    162 / 2000
saving losses
epoch:    163 / 2000
early stopping counter:  2
saving losses
epoch:    164 / 2000
early stopping counter:  4
saving losses
epoch:    165 / 2000
saving losses
epoch:    166 / 2000
early stopping counter:  2
saving losses
epoch:    167 / 2000
early stopping counter:  4
saving losses
epoch:    168 / 2000
saving losses
epoch:    169 / 2000
early stopping counter:  2
saving losses
epoch:    170 / 2000
saving losses
epoch:    171 / 2000
saving losses
epoch:    172 / 2000
early stopping counter:  2
saving losses
epoch:    173 / 2000
early stopping counter:  4
saving losses
epoch:    174 / 2000
saving losses
epoch:    175 / 2000
early stopping counter:  2
saving losses
epoch:    176 / 2000
saving losses
epoch:    177 / 2000
early stopping counter:  2
saving losses
epoch:    178 / 2000
early stopping counter:  4
saving losses
epoch:    179 / 2000
saving losses
epoch:    180 / 2000
saving losses
epoch:    181 / 2000
early stopping counter:  2
saving losses
epoch:    182 / 2000
saving losses
epoch:    183 / 2000
saving losses
epoch:    184 / 2000
early stopping counter:  2
saving losses
epoch:    185 / 2000
saving losses
epoch:    186 / 2000
saving losses
epoch:    187 / 2000
early stopping counter:  2
saving losses
epoch:    188 / 2000
saving losses
epoch:    189 / 2000
early stopping counter:  2
saving losses
epoch:    190 / 2000
saving losses
epoch:    191 / 2000
early stopping counter:  2
saving losses
epoch:    192 / 2000
early stopping counter:  4
saving losses
epoch:    193 / 2000
saving losses
epoch:    194 / 2000
saving losses
epoch:    195 / 2000
early stopping counter:  2
saving losses
epoch:    196 / 2000
saving losses
epoch:    197 / 2000
saving losses
epoch:    198 / 2000
saving losses
epoch:    199 / 2000
early stopping counter:  2
saving losses
epoch:    200 / 2000
saving losses
epoch:    201 / 2000
early stopping counter:  2
saving losses
epoch:    202 / 2000
saving losses
epoch:    203 / 2000
early stopping counter:  2
saving losses
epoch:    204 / 2000
early stopping counter:  4
saving losses
epoch:    205 / 2000
saving losses
epoch:    206 / 2000
early stopping counter:  2
saving losses
epoch:    207 / 2000
early stopping counter:  4
saving losses
epoch:    208 / 2000
early stopping counter:  6
saving losses
epoch:    209 / 2000
saving losses
epoch:    210 / 2000
New min test loss. Saving model
saving losses
epoch:    211 / 2000
early stopping counter:  2
saving losses
epoch:    212 / 2000
saving losses
epoch:    213 / 2000
saving losses
epoch:    214 / 2000
saving losses
epoch:    215 / 2000
early stopping counter:  2
saving losses
epoch:    216 / 2000
saving losses
epoch:    217 / 2000
saving losses
epoch:    218 / 2000
early stopping counter:  2
saving losses
epoch:    219 / 2000
saving losses
epoch:    220 / 2000
early stopping counter:  2
saving losses
epoch:    221 / 2000
early stopping counter:  4
saving losses
epoch:    222 / 2000
saving losses
epoch:    223 / 2000
early stopping counter:  2
saving losses
epoch:    224 / 2000
saving losses
epoch:    225 / 2000
early stopping counter:  2
saving losses
epoch:    226 / 2000
early stopping counter:  4
saving losses
epoch:    227 / 2000
early stopping counter:  6
saving losses
epoch:    228 / 2000
saving losses
epoch:    229 / 2000
saving losses
epoch:    230 / 2000
early stopping counter:  2
saving losses
epoch:    231 / 2000
early stopping counter:  4
saving losses
epoch:    232 / 2000
saving losses
epoch:    233 / 2000
early stopping counter:  2
saving losses
epoch:    234 / 2000
saving losses
epoch:    235 / 2000
early stopping counter:  2
saving losses
epoch:    236 / 2000
saving losses
epoch:    237 / 2000
early stopping counter:  2
saving losses
epoch:    238 / 2000
early stopping counter:  4
saving losses
epoch:    239 / 2000
saving losses
epoch:    240 / 2000
early stopping counter:  2
saving losses
epoch:    241 / 2000
early stopping counter:  4
saving losses
epoch:    242 / 2000
saving losses
epoch:    243 / 2000
saving losses
epoch:    244 / 2000
saving losses
epoch:    245 / 2000
early stopping counter:  2
saving losses
epoch:    246 / 2000
early stopping counter:  4
saving losses
epoch:    247 / 2000
early stopping counter:  6
saving losses
epoch:    248 / 2000
saving losses
epoch:    249 / 2000
saving losses
epoch:    250 / 2000
early stopping counter:  2
saving losses
epoch:    251 / 2000
early stopping counter:  4
saving losses
epoch:    252 / 2000
saving losses
epoch:    253 / 2000
early stopping counter:  2
saving losses
epoch:    254 / 2000
saving losses
epoch:    255 / 2000
saving losses
epoch:    256 / 2000
early stopping counter:  2
saving losses
epoch:    257 / 2000
early stopping counter:  4
saving losses
epoch:    258 / 2000
early stopping counter:  6
saving losses
epoch:    259 / 2000
saving losses
epoch:    260 / 2000
saving losses
epoch:    261 / 2000
saving losses
epoch:    262 / 2000
early stopping counter:  2
saving losses
epoch:    263 / 2000
early stopping counter:  4
saving losses
epoch:    264 / 2000
saving losses
epoch:    265 / 2000
early stopping counter:  2
saving losses
epoch:    266 / 2000
early stopping counter:  4
saving losses
epoch:    267 / 2000
saving losses
epoch:    268 / 2000
early stopping counter:  2
saving losses
epoch:    269 / 2000
saving losses
epoch:    270 / 2000
saving losses
epoch:    271 / 2000
early stopping counter:  2
saving losses
epoch:    272 / 2000
early stopping counter:  4
saving losses
epoch:    273 / 2000
saving losses
epoch:    274 / 2000
early stopping counter:  2
saving losses
epoch:    275 / 2000
saving losses
epoch:    276 / 2000
early stopping counter:  2
saving losses
epoch:    277 / 2000
saving losses
epoch:    278 / 2000
saving losses
epoch:    279 / 2000
early stopping counter:  2
saving losses
epoch:    280 / 2000
saving losses
epoch:    281 / 2000
early stopping counter:  2
saving losses
epoch:    282 / 2000
saving losses
epoch:    283 / 2000
early stopping counter:  2
saving losses
epoch:    284 / 2000
saving losses
epoch:    285 / 2000
early stopping counter:  2
saving losses
epoch:    286 / 2000
early stopping counter:  4
saving losses
epoch:    287 / 2000
early stopping counter:  6
saving losses
epoch:    288 / 2000
saving losses
epoch:    289 / 2000
early stopping counter:  2
saving losses
epoch:    290 / 2000
saving losses
epoch:    291 / 2000
saving losses
epoch:    292 / 2000
saving losses
epoch:    293 / 2000
early stopping counter:  2
saving losses
epoch:    294 / 2000
saving losses
epoch:    295 / 2000
early stopping counter:  2
saving losses
epoch:    296 / 2000
early stopping counter:  4
saving losses
epoch:    297 / 2000
saving losses
epoch:    298 / 2000
early stopping counter:  2
saving losses
epoch:    299 / 2000
early stopping counter:  4
saving losses
epoch:    300 / 2000
saving losses
epoch:    301 / 2000
saving losses
epoch:    302 / 2000
early stopping counter:  2
saving losses
epoch:    303 / 2000
early stopping counter:  4
saving losses
epoch:    304 / 2000
saving losses
epoch:    305 / 2000
early stopping counter:  2
saving losses
epoch:    306 / 2000
early stopping counter:  4
saving losses
epoch:    307 / 2000
saving losses
epoch:    308 / 2000
early stopping counter:  2
saving losses
epoch:    309 / 2000
saving losses
epoch:    310 / 2000
saving losses
epoch:    311 / 2000
saving losses
epoch:    312 / 2000
early stopping counter:  2
saving losses
epoch:    313 / 2000
early stopping counter:  4
saving losses
epoch:    314 / 2000
saving losses
epoch:    315 / 2000
early stopping counter:  2
saving losses
epoch:    316 / 2000
saving losses
epoch:    317 / 2000
saving losses
epoch:    318 / 2000
saving losses
epoch:    319 / 2000
early stopping counter:  2
saving losses
epoch:    320 / 2000
saving losses
epoch:    321 / 2000
saving losses
epoch:    322 / 2000
early stopping counter:  2
saving losses
epoch:    323 / 2000
saving losses
epoch:    324 / 2000
early stopping counter:  2
saving losses
epoch:    325 / 2000
saving losses
epoch:    326 / 2000
saving losses
epoch:    327 / 2000
saving losses
epoch:    328 / 2000
saving losses
epoch:    329 / 2000
early stopping counter:  2
saving losses
epoch:    330 / 2000
early stopping counter:  4
saving losses
epoch:    331 / 2000
saving losses
epoch:    332 / 2000
early stopping counter:  2
saving losses
epoch:    333 / 2000
saving losses
epoch:    334 / 2000
New min test loss. Saving model
saving losses
epoch:    335 / 2000
early stopping counter:  2
saving losses
epoch:    336 / 2000
early stopping counter:  4
saving losses
epoch:    337 / 2000
saving losses
epoch:    338 / 2000
early stopping counter:  2
saving losses
epoch:    339 / 2000
saving losses
epoch:    340 / 2000
early stopping counter:  2
saving losses
epoch:    341 / 2000
early stopping counter:  4
saving losses
epoch:    342 / 2000
saving losses
epoch:    343 / 2000
saving losses
epoch:    344 / 2000
early stopping counter:  2
saving losses
epoch:    345 / 2000
saving losses
epoch:    346 / 2000
saving losses
epoch:    347 / 2000
early stopping counter:  2
saving losses
epoch:    348 / 2000
early stopping counter:  4
saving losses
epoch:    349 / 2000
early stopping counter:  6
saving losses
epoch:    350 / 2000
early stopping counter:  8
saving losses
epoch:    351 / 2000
saving losses
epoch:    352 / 2000
early stopping counter:  2
saving losses
epoch:    353 / 2000
early stopping counter:  4
saving losses
epoch:    354 / 2000
saving losses
epoch:    355 / 2000
early stopping counter:  2
saving losses
epoch:    356 / 2000
early stopping counter:  4
saving losses
epoch:    357 / 2000
early stopping counter:  6
saving losses
epoch:    358 / 2000
early stopping counter:  8
saving losses
epoch:    359 / 2000
saving losses
epoch:    360 / 2000
early stopping counter:  2
saving losses
epoch:    361 / 2000
saving losses
epoch:    362 / 2000
saving losses
epoch:    363 / 2000
saving losses
epoch:    364 / 2000
early stopping counter:  2
saving losses
epoch:    365 / 2000
saving losses
epoch:    366 / 2000
early stopping counter:  2
saving losses
epoch:    367 / 2000
early stopping counter:  4
saving losses
epoch:    368 / 2000
early stopping counter:  6
saving losses
epoch:    369 / 2000
saving losses
epoch:    370 / 2000
early stopping counter:  2
saving losses
epoch:    371 / 2000
saving losses
epoch:    372 / 2000
early stopping counter:  2
saving losses
epoch:    373 / 2000
early stopping counter:  4
saving losses
epoch:    374 / 2000
saving losses
epoch:    375 / 2000
saving losses
epoch:    376 / 2000
early stopping counter:  2
saving losses
epoch:    377 / 2000
early stopping counter:  4
saving losses
epoch:    378 / 2000
saving losses
epoch:    379 / 2000
saving losses
epoch:    380 / 2000
saving losses
epoch:    381 / 2000
early stopping counter:  2
saving losses
epoch:    382 / 2000
saving losses
epoch:    383 / 2000
early stopping counter:  2
saving losses
epoch:    384 / 2000
saving losses
epoch:    385 / 2000
saving losses
epoch:    386 / 2000
early stopping counter:  2
saving losses
epoch:    387 / 2000
saving losses
epoch:    388 / 2000
early stopping counter:  2
saving losses
epoch:    389 / 2000
early stopping counter:  4
saving losses
epoch:    390 / 2000
early stopping counter:  6
saving losses
epoch:    391 / 2000
saving losses
epoch:    392 / 2000
saving losses
epoch:    393 / 2000
early stopping counter:  2
saving losses
epoch:    394 / 2000
saving losses
epoch:    395 / 2000
early stopping counter:  2
saving losses
epoch:    396 / 2000
saving losses
epoch:    397 / 2000
early stopping counter:  2
saving losses
epoch:    398 / 2000
saving losses
epoch:    399 / 2000
early stopping counter:  2
saving losses
epoch:    400 / 2000
saving losses
epoch:    401 / 2000
early stopping counter:  2
saving losses
epoch:    402 / 2000
saving losses
epoch:    403 / 2000
early stopping counter:  2
saving losses
epoch:    404 / 2000
early stopping counter:  4
saving losses
epoch:    405 / 2000
early stopping counter:  6
saving losses
epoch:    406 / 2000
saving losses
epoch:    407 / 2000
saving losses
epoch:    408 / 2000
early stopping counter:  2
saving losses
epoch:    409 / 2000
saving losses
epoch:    410 / 2000
early stopping counter:  2
saving losses
epoch:    411 / 2000
early stopping counter:  4
saving losses
epoch:    412 / 2000
saving losses
epoch:    413 / 2000
saving losses
epoch:    414 / 2000
saving losses
epoch:    415 / 2000
early stopping counter:  2
saving losses
epoch:    416 / 2000
saving losses
epoch:    417 / 2000
early stopping counter:  2
saving losses
epoch:    418 / 2000
saving losses
epoch:    419 / 2000
saving losses
epoch:    420 / 2000
saving losses
epoch:    421 / 2000
early stopping counter:  2
saving losses
epoch:    422 / 2000
saving losses
epoch:    423 / 2000
early stopping counter:  2
saving losses
epoch:    424 / 2000
early stopping counter:  4
saving losses
epoch:    425 / 2000
saving losses
epoch:    426 / 2000
early stopping counter:  2
saving losses
epoch:    427 / 2000
early stopping counter:  4
saving losses
epoch:    428 / 2000
saving losses
epoch:    429 / 2000
saving losses
epoch:    430 / 2000
early stopping counter:  2
saving losses
epoch:    431 / 2000
saving losses
epoch:    432 / 2000
saving losses
epoch:    433 / 2000
early stopping counter:  2
saving losses
epoch:    434 / 2000
saving losses
epoch:    435 / 2000
early stopping counter:  2
saving losses
epoch:    436 / 2000
saving losses
epoch:    437 / 2000
early stopping counter:  2
saving losses
epoch:    438 / 2000
saving losses
epoch:    439 / 2000
early stopping counter:  2
saving losses
epoch:    440 / 2000
saving losses
epoch:    441 / 2000
early stopping counter:  2
saving losses
epoch:    442 / 2000
saving losses
epoch:    443 / 2000
saving losses
epoch:    444 / 2000
saving losses
epoch:    445 / 2000
early stopping counter:  2
saving losses
epoch:    446 / 2000
early stopping counter:  4
saving losses
epoch:    447 / 2000
saving losses
epoch:    448 / 2000
saving losses
epoch:    449 / 2000
early stopping counter:  2
saving losses
epoch:    450 / 2000
early stopping counter:  4
saving losses
epoch:    451 / 2000
saving losses
epoch:    452 / 2000
saving losses
epoch:    453 / 2000
early stopping counter:  2
saving losses
epoch:    454 / 2000
saving losses
epoch:    455 / 2000
saving losses
epoch:    456 / 2000
saving losses
epoch:    457 / 2000
early stopping counter:  2
saving losses
epoch:    458 / 2000
early stopping counter:  4
saving losses
epoch:    459 / 2000
early stopping counter:  6
saving losses
epoch:    460 / 2000
saving losses
epoch:    461 / 2000
early stopping counter:  2
saving losses
epoch:    462 / 2000
saving losses
epoch:    463 / 2000
early stopping counter:  2
saving losses
epoch:    464 / 2000
saving losses
epoch:    465 / 2000
early stopping counter:  2
saving losses
epoch:    466 / 2000
saving losses
epoch:    467 / 2000
early stopping counter:  2
saving losses
epoch:    468 / 2000
early stopping counter:  4
saving losses
epoch:    469 / 2000
saving losses
epoch:    470 / 2000
early stopping counter:  2
saving losses
epoch:    471 / 2000
saving losses
epoch:    472 / 2000
early stopping counter:  2
saving losses
epoch:    473 / 2000
saving losses
epoch:    474 / 2000
early stopping counter:  2
saving losses
epoch:    475 / 2000
early stopping counter:  4
saving losses
epoch:    476 / 2000
early stopping counter:  6
saving losses
epoch:    477 / 2000
saving losses
epoch:    478 / 2000
saving losses
epoch:    479 / 2000
saving losses
epoch:    480 / 2000
early stopping counter:  2
saving losses
epoch:    481 / 2000
early stopping counter:  4
saving losses
epoch:    482 / 2000
early stopping counter:  6
saving losses
epoch:    483 / 2000
saving losses
epoch:    484 / 2000
early stopping counter:  2
saving losses
epoch:    485 / 2000
early stopping counter:  4
saving losses
epoch:    486 / 2000
saving losses
epoch:    487 / 2000
early stopping counter:  2
saving losses
epoch:    488 / 2000
saving losses
epoch:    489 / 2000
early stopping counter:  2
saving losses
epoch:    490 / 2000
saving losses
epoch:    491 / 2000
saving losses
epoch:    492 / 2000
early stopping counter:  2
saving losses
epoch:    493 / 2000
early stopping counter:  4
saving losses
epoch:    494 / 2000
saving losses
epoch:    495 / 2000
saving losses
epoch:    496 / 2000
early stopping counter:  2
saving losses
epoch:    497 / 2000
early stopping counter:  4
saving losses
epoch:    498 / 2000
saving losses
epoch:    499 / 2000
early stopping counter:  2
saving losses
epoch:    500 / 2000
saving losses
epoch:    501 / 2000
saving losses
epoch:    502 / 2000
early stopping counter:  2
saving losses
epoch:    503 / 2000
saving losses
epoch:    504 / 2000
early stopping counter:  2
saving losses
epoch:    505 / 2000
saving losses
epoch:    506 / 2000
saving losses
epoch:    507 / 2000
early stopping counter:  2
saving losses
epoch:    508 / 2000
saving losses
epoch:    509 / 2000
early stopping counter:  2
saving losses
epoch:    510 / 2000
early stopping counter:  4
saving losses
epoch:    511 / 2000
early stopping counter:  6
saving losses
epoch:    512 / 2000
saving losses
epoch:    513 / 2000
saving losses
epoch:    514 / 2000
early stopping counter:  2
saving losses
epoch:    515 / 2000
early stopping counter:  4
saving losses
epoch:    516 / 2000
saving losses
epoch:    517 / 2000
early stopping counter:  2
saving losses
epoch:    518 / 2000
early stopping counter:  4
saving losses
epoch:    519 / 2000
saving losses
epoch:    520 / 2000
saving losses
epoch:    521 / 2000
early stopping counter:  2
saving losses
epoch:    522 / 2000
saving losses
epoch:    523 / 2000
early stopping counter:  2
saving losses
epoch:    524 / 2000
saving losses
epoch:    525 / 2000
saving losses
epoch:    526 / 2000
early stopping counter:  2
saving losses
epoch:    527 / 2000
early stopping counter:  4
saving losses
epoch:    528 / 2000
saving losses
epoch:    529 / 2000
saving losses
epoch:    530 / 2000
early stopping counter:  2
saving losses
epoch:    531 / 2000
saving losses
epoch:    532 / 2000
early stopping counter:  2
saving losses
epoch:    533 / 2000
early stopping counter:  4
saving losses
epoch:    534 / 2000
saving losses
epoch:    535 / 2000
early stopping counter:  2
saving losses
epoch:    536 / 2000
saving losses
epoch:    537 / 2000
early stopping counter:  2
saving losses
epoch:    538 / 2000
saving losses
epoch:    539 / 2000
early stopping counter:  2
saving losses
epoch:    540 / 2000
saving losses
epoch:    541 / 2000
early stopping counter:  2
saving losses
epoch:    542 / 2000
saving losses
epoch:    543 / 2000
saving losses
epoch:    544 / 2000
early stopping counter:  2
saving losses
epoch:    545 / 2000
early stopping counter:  4
saving losses
epoch:    546 / 2000
saving losses
epoch:    547 / 2000
early stopping counter:  2
saving losses
epoch:    548 / 2000
early stopping counter:  4
saving losses
epoch:    549 / 2000
saving losses
epoch:    550 / 2000
saving losses
epoch:    551 / 2000
early stopping counter:  2
saving losses
epoch:    552 / 2000
early stopping counter:  4
saving losses
epoch:    553 / 2000
saving losses
epoch:    554 / 2000
early stopping counter:  2
saving losses
epoch:    555 / 2000
saving losses
epoch:    556 / 2000
early stopping counter:  2
saving losses
epoch:    557 / 2000
early stopping counter:  4
saving losses
epoch:    558 / 2000
early stopping counter:  6
saving losses
epoch:    559 / 2000
saving losses
epoch:    560 / 2000
early stopping counter:  2
saving losses
epoch:    561 / 2000
saving losses
epoch:    562 / 2000
early stopping counter:  2
saving losses
epoch:    563 / 2000
saving losses
epoch:    564 / 2000
New min test loss. Saving model
saving losses
epoch:    565 / 2000
early stopping counter:  2
saving losses
epoch:    566 / 2000
saving losses
epoch:    567 / 2000
early stopping counter:  2
saving losses
epoch:    568 / 2000
saving losses
epoch:    569 / 2000
early stopping counter:  2
saving losses
epoch:    570 / 2000
saving losses
epoch:    571 / 2000
early stopping counter:  2
saving losses
epoch:    572 / 2000
saving losses
epoch:    573 / 2000
early stopping counter:  2
saving losses
epoch:    574 / 2000
saving losses
epoch:    575 / 2000
early stopping counter:  2
saving losses
epoch:    576 / 2000
early stopping counter:  4
saving losses
epoch:    577 / 2000
saving losses
epoch:    578 / 2000
early stopping counter:  2
saving losses
epoch:    579 / 2000
saving losses
epoch:    580 / 2000
early stopping counter:  2
saving losses
epoch:    581 / 2000
early stopping counter:  4
saving losses
epoch:    582 / 2000
saving losses
epoch:    583 / 2000
saving losses
epoch:    584 / 2000
saving losses
epoch:    585 / 2000
early stopping counter:  2
saving losses
epoch:    586 / 2000
saving losses
epoch:    587 / 2000
early stopping counter:  2
saving losses
epoch:    588 / 2000
saving losses
epoch:    589 / 2000
early stopping counter:  2
saving losses
epoch:    590 / 2000
saving losses
epoch:    591 / 2000
saving losses
epoch:    592 / 2000
saving losses
epoch:    593 / 2000
early stopping counter:  2
saving losses
epoch:    594 / 2000
early stopping counter:  4
saving losses
epoch:    595 / 2000
saving losses
epoch:    596 / 2000
early stopping counter:  2
saving losses
epoch:    597 / 2000
early stopping counter:  4
saving losses
epoch:    598 / 2000
saving losses
epoch:    599 / 2000
early stopping counter:  2
saving losses
epoch:    600 / 2000
saving losses
epoch:    601 / 2000
saving losses
epoch:    602 / 2000
early stopping counter:  2
saving losses
epoch:    603 / 2000
saving losses
epoch:    604 / 2000
early stopping counter:  2
saving losses
epoch:    605 / 2000
saving losses
epoch:    606 / 2000
early stopping counter:  2
saving losses
epoch:    607 / 2000
saving losses
epoch:    608 / 2000
early stopping counter:  2
saving losses
epoch:    609 / 2000
saving losses
epoch:    610 / 2000
early stopping counter:  2
saving losses
epoch:    611 / 2000
early stopping counter:  4
saving losses
epoch:    612 / 2000
saving losses
epoch:    613 / 2000
early stopping counter:  2
saving losses
epoch:    614 / 2000
saving losses
epoch:    615 / 2000
saving losses
epoch:    616 / 2000
early stopping counter:  2
saving losses
epoch:    617 / 2000
saving losses
epoch:    618 / 2000
early stopping counter:  2
saving losses
epoch:    619 / 2000
saving losses
epoch:    620 / 2000
early stopping counter:  2
saving losses
epoch:    621 / 2000
saving losses
epoch:    622 / 2000
saving losses
epoch:    623 / 2000
early stopping counter:  2
saving losses
epoch:    624 / 2000
saving losses
epoch:    625 / 2000
early stopping counter:  2
saving losses
epoch:    626 / 2000
saving losses
epoch:    627 / 2000
saving losses
epoch:    628 / 2000
early stopping counter:  2
saving losses
epoch:    629 / 2000
saving losses
epoch:    630 / 2000
saving losses
epoch:    631 / 2000
early stopping counter:  2
saving losses
epoch:    632 / 2000
saving losses
epoch:    633 / 2000
early stopping counter:  2
saving losses
epoch:    634 / 2000
early stopping counter:  4
saving losses
epoch:    635 / 2000
saving losses
epoch:    636 / 2000
early stopping counter:  2
saving losses
epoch:    637 / 2000
saving losses
epoch:    638 / 2000
early stopping counter:  2
saving losses
epoch:    639 / 2000
early stopping counter:  4
saving losses
epoch:    640 / 2000
early stopping counter:  6
saving losses
epoch:    641 / 2000
saving losses
epoch:    642 / 2000
saving losses
epoch:    643 / 2000
early stopping counter:  2
saving losses
epoch:    644 / 2000
early stopping counter:  4
saving losses
epoch:    645 / 2000
saving losses
epoch:    646 / 2000
saving losses
epoch:    647 / 2000
early stopping counter:  2
saving losses
epoch:    648 / 2000
early stopping counter:  4
saving losses
epoch:    649 / 2000
saving losses
epoch:    650 / 2000
saving losses
epoch:    651 / 2000
early stopping counter:  2
saving losses
epoch:    652 / 2000
early stopping counter:  4
saving losses
epoch:    653 / 2000
early stopping counter:  6
saving losses
epoch:    654 / 2000
saving losses
epoch:    655 / 2000
early stopping counter:  2
saving losses
epoch:    656 / 2000
saving losses
epoch:    657 / 2000
saving losses
epoch:    658 / 2000
early stopping counter:  2
saving losses
epoch:    659 / 2000
saving losses
epoch:    660 / 2000
early stopping counter:  2
saving losses
epoch:    661 / 2000
saving losses
epoch:    662 / 2000
early stopping counter:  2
saving losses
epoch:    663 / 2000
early stopping counter:  4
saving losses
epoch:    664 / 2000
saving losses
epoch:    665 / 2000
early stopping counter:  2
saving losses
epoch:    666 / 2000
early stopping counter:  4
saving losses
epoch:    667 / 2000
saving losses
epoch:    668 / 2000
early stopping counter:  2
saving losses
epoch:    669 / 2000
saving losses
epoch:    670 / 2000
saving losses
epoch:    671 / 2000
early stopping counter:  2
saving losses
epoch:    672 / 2000
saving losses
epoch:    673 / 2000
saving losses
epoch:    674 / 2000
early stopping counter:  2
saving losses
epoch:    675 / 2000
saving losses
epoch:    676 / 2000
saving losses
epoch:    677 / 2000
early stopping counter:  2
saving losses
epoch:    678 / 2000
early stopping counter:  4
saving losses
epoch:    679 / 2000
early stopping counter:  6
saving losses
epoch:    680 / 2000
saving losses
epoch:    681 / 2000
early stopping counter:  2
saving losses
epoch:    682 / 2000
saving losses
epoch:    683 / 2000
early stopping counter:  2
saving losses
epoch:    684 / 2000
early stopping counter:  4
saving losses
epoch:    685 / 2000
saving losses
epoch:    686 / 2000
early stopping counter:  2
saving losses
epoch:    687 / 2000
saving losses
epoch:    688 / 2000
saving losses
epoch:    689 / 2000
early stopping counter:  2
saving losses
epoch:    690 / 2000
saving losses
epoch:    691 / 2000
saving losses
epoch:    692 / 2000
saving losses
epoch:    693 / 2000
early stopping counter:  2
saving losses
epoch:    694 / 2000
saving losses
epoch:    695 / 2000
saving losses
epoch:    696 / 2000
early stopping counter:  2
saving losses
epoch:    697 / 2000
saving losses
epoch:    698 / 2000
early stopping counter:  2
saving losses
epoch:    699 / 2000
saving losses
epoch:    700 / 2000
early stopping counter:  2
saving losses
epoch:    701 / 2000
early stopping counter:  4
saving losses
epoch:    702 / 2000
early stopping counter:  6
saving losses
epoch:    703 / 2000
early stopping counter:  8
saving losses
epoch:    704 / 2000
saving losses
epoch:    705 / 2000
early stopping counter:  2
saving losses
epoch:    706 / 2000
early stopping counter:  4
saving losses
epoch:    707 / 2000
early stopping counter:  6
saving losses
epoch:    708 / 2000
saving losses
epoch:    709 / 2000
early stopping counter:  2
saving losses
epoch:    710 / 2000
saving losses
epoch:    711 / 2000
early stopping counter:  2
saving losses
epoch:    712 / 2000
saving losses
epoch:    713 / 2000
saving losses
epoch:    714 / 2000
early stopping counter:  2
saving losses
epoch:    715 / 2000
saving losses
epoch:    716 / 2000
early stopping counter:  2
saving losses
epoch:    717 / 2000
saving losses
epoch:    718 / 2000
saving losses
epoch:    719 / 2000
early stopping counter:  2
saving losses
epoch:    720 / 2000
saving losses
epoch:    721 / 2000
early stopping counter:  2
saving losses
epoch:    722 / 2000
early stopping counter:  4
saving losses
epoch:    723 / 2000
saving losses
epoch:    724 / 2000
early stopping counter:  2
saving losses
epoch:    725 / 2000
saving losses
epoch:    726 / 2000
early stopping counter:  2
saving losses
epoch:    727 / 2000
saving losses
epoch:    728 / 2000
early stopping counter:  2
saving losses
epoch:    729 / 2000
saving losses
epoch:    730 / 2000
saving losses
epoch:    731 / 2000
saving losses
epoch:    732 / 2000
saving losses
epoch:    733 / 2000
early stopping counter:  2
saving losses
epoch:    734 / 2000
saving losses
epoch:    735 / 2000
early stopping counter:  2
saving losses
epoch:    736 / 2000
saving losses
epoch:    737 / 2000
early stopping counter:  2
saving losses
epoch:    738 / 2000
saving losses
epoch:    739 / 2000
saving losses
epoch:    740 / 2000
early stopping counter:  2
saving losses
epoch:    741 / 2000
saving losses
epoch:    742 / 2000
early stopping counter:  2
saving losses
epoch:    743 / 2000
early stopping counter:  4
saving losses
epoch:    744 / 2000
early stopping counter:  6
saving losses
epoch:    745 / 2000
saving losses
epoch:    746 / 2000
early stopping counter:  2
saving losses
epoch:    747 / 2000
saving losses
epoch:    748 / 2000
saving losses
epoch:    749 / 2000
saving losses
epoch:    750 / 2000
early stopping counter:  2
saving losses
epoch:    751 / 2000
saving losses
epoch:    752 / 2000
early stopping counter:  2
saving losses
epoch:    753 / 2000
early stopping counter:  4
saving losses
epoch:    754 / 2000
early stopping counter:  6
saving losses
epoch:    755 / 2000
saving losses
epoch:    756 / 2000
early stopping counter:  2
saving losses
epoch:    757 / 2000
saving losses
epoch:    758 / 2000
early stopping counter:  2
saving losses
epoch:    759 / 2000
saving losses
epoch:    760 / 2000
early stopping counter:  2
saving losses
epoch:    761 / 2000
saving losses
epoch:    762 / 2000
early stopping counter:  2
saving losses
epoch:    763 / 2000
saving losses
epoch:    764 / 2000
early stopping counter:  2
saving losses
epoch:    765 / 2000
saving losses
epoch:    766 / 2000
saving losses
epoch:    767 / 2000
saving losses
epoch:    768 / 2000
saving losses
epoch:    769 / 2000
early stopping counter:  2
saving losses
epoch:    770 / 2000
saving losses
epoch:    771 / 2000
saving losses
epoch:    772 / 2000
early stopping counter:  2
saving losses
epoch:    773 / 2000
saving losses
epoch:    774 / 2000
early stopping counter:  2
saving losses
epoch:    775 / 2000
saving losses
epoch:    776 / 2000
saving losses
epoch:    777 / 2000
early stopping counter:  2
saving losses
epoch:    778 / 2000
saving losses
epoch:    779 / 2000
saving losses
epoch:    780 / 2000
early stopping counter:  2
saving losses
epoch:    781 / 2000
saving losses
epoch:    782 / 2000
saving losses
epoch:    783 / 2000
early stopping counter:  2
saving losses
epoch:    784 / 2000
saving losses
epoch:    785 / 2000
saving losses
epoch:    786 / 2000
early stopping counter:  2
saving losses
epoch:    787 / 2000
saving losses
epoch:    788 / 2000
early stopping counter:  2
saving losses
epoch:    789 / 2000
saving losses
epoch:    790 / 2000
early stopping counter:  2
saving losses
epoch:    791 / 2000
saving losses
epoch:    792 / 2000
saving losses
epoch:    793 / 2000
early stopping counter:  2
saving losses
epoch:    794 / 2000
saving losses
epoch:    795 / 2000
early stopping counter:  2
saving losses
epoch:    796 / 2000
early stopping counter:  4
saving losses
epoch:    797 / 2000
saving losses
epoch:    798 / 2000
early stopping counter:  2
saving losses
epoch:    799 / 2000
early stopping counter:  4
saving losses
epoch:    800 / 2000
early stopping counter:  6
saving losses
epoch:    801 / 2000
saving losses
epoch:    802 / 2000
early stopping counter:  2
saving losses
epoch:    803 / 2000
early stopping counter:  4
saving losses
epoch:    804 / 2000
saving losses
epoch:    805 / 2000
saving losses
epoch:    806 / 2000
early stopping counter:  2
saving losses
epoch:    807 / 2000
early stopping counter:  4
saving losses
epoch:    808 / 2000
saving losses
epoch:    809 / 2000
early stopping counter:  2
saving losses
epoch:    810 / 2000
saving losses
epoch:    811 / 2000
early stopping counter:  2
saving losses
epoch:    812 / 2000
saving losses
epoch:    813 / 2000
saving losses
epoch:    814 / 2000
early stopping counter:  2
saving losses
epoch:    815 / 2000
saving losses
epoch:    816 / 2000
early stopping counter:  2
saving losses
epoch:    817 / 2000
saving losses
epoch:    818 / 2000
early stopping counter:  2
saving losses
epoch:    819 / 2000
early stopping counter:  4
saving losses
epoch:    820 / 2000
saving losses
epoch:    821 / 2000
early stopping counter:  2
saving losses
epoch:    822 / 2000
early stopping counter:  4
saving losses
epoch:    823 / 2000
saving losses
epoch:    824 / 2000
saving losses
epoch:    825 / 2000
early stopping counter:  2
saving losses
epoch:    826 / 2000
early stopping counter:  4
saving losses
epoch:    827 / 2000
saving losses
epoch:    828 / 2000
early stopping counter:  2
saving losses
epoch:    829 / 2000
early stopping counter:  4
saving losses
epoch:    830 / 2000
saving losses
epoch:    831 / 2000
early stopping counter:  2
saving losses
epoch:    832 / 2000
saving losses
epoch:    833 / 2000
early stopping counter:  2
saving losses
epoch:    834 / 2000
saving losses
epoch:    835 / 2000
early stopping counter:  2
saving losses
epoch:    836 / 2000
saving losses
epoch:    837 / 2000
early stopping counter:  2
saving losses
epoch:    838 / 2000
early stopping counter:  4
saving losses
epoch:    839 / 2000
saving losses
epoch:    840 / 2000
early stopping counter:  2
saving losses
epoch:    841 / 2000
early stopping counter:  4
saving losses
epoch:    842 / 2000
saving losses
epoch:    843 / 2000
early stopping counter:  2
saving losses
epoch:    844 / 2000
saving losses
epoch:    845 / 2000
early stopping counter:  2
saving losses
epoch:    846 / 2000
early stopping counter:  4
saving losses
epoch:    847 / 2000
saving losses
epoch:    848 / 2000
saving losses
epoch:    849 / 2000
early stopping counter:  2
saving losses
epoch:    850 / 2000
saving losses
epoch:    851 / 2000
saving losses
epoch:    852 / 2000
saving losses
epoch:    853 / 2000
New min test loss. Saving model
saving losses
epoch:    854 / 2000
early stopping counter:  2
saving losses
epoch:    855 / 2000
early stopping counter:  4
saving losses
epoch:    856 / 2000
early stopping counter:  6
saving losses
epoch:    857 / 2000
saving losses
epoch:    858 / 2000
early stopping counter:  2
saving losses
epoch:    859 / 2000
saving losses
epoch:    860 / 2000
early stopping counter:  2
saving losses
epoch:    861 / 2000
early stopping counter:  4
saving losses
epoch:    862 / 2000
saving losses
epoch:    863 / 2000
early stopping counter:  2
saving losses
epoch:    864 / 2000
saving losses
epoch:    865 / 2000
early stopping counter:  2
saving losses
epoch:    866 / 2000
early stopping counter:  4
saving losses
epoch:    867 / 2000
early stopping counter:  6
saving losses
epoch:    868 / 2000
saving losses
epoch:    869 / 2000
saving losses
epoch:    870 / 2000
saving losses
epoch:    871 / 2000
saving losses
epoch:    872 / 2000
early stopping counter:  2
saving losses
epoch:    873 / 2000
early stopping counter:  4
saving losses
epoch:    874 / 2000
saving losses
epoch:    875 / 2000
early stopping counter:  2
saving losses
epoch:    876 / 2000
saving losses
epoch:    877 / 2000
early stopping counter:  2
saving losses
epoch:    878 / 2000
saving losses
epoch:    879 / 2000
early stopping counter:  2
saving losses
epoch:    880 / 2000
saving losses
epoch:    881 / 2000
saving losses
epoch:    882 / 2000
early stopping counter:  2
saving losses
epoch:    883 / 2000
saving losses
epoch:    884 / 2000
saving losses
epoch:    885 / 2000
early stopping counter:  2
saving losses
epoch:    886 / 2000
early stopping counter:  4
saving losses
epoch:    887 / 2000
saving losses
epoch:    888 / 2000
saving losses
epoch:    889 / 2000
early stopping counter:  2
saving losses
epoch:    890 / 2000
saving losses
epoch:    891 / 2000
saving losses
epoch:    892 / 2000
early stopping counter:  2
saving losses
epoch:    893 / 2000
saving losses
epoch:    894 / 2000
early stopping counter:  2
saving losses
epoch:    895 / 2000
saving losses
epoch:    896 / 2000
early stopping counter:  2
saving losses
epoch:    897 / 2000
saving losses
epoch:    898 / 2000
early stopping counter:  2
saving losses
epoch:    899 / 2000
saving losses
epoch:    900 / 2000
early stopping counter:  2
saving losses
epoch:    901 / 2000
saving losses
epoch:    902 / 2000
early stopping counter:  2
saving losses
epoch:    903 / 2000
saving losses
epoch:    904 / 2000
saving losses
epoch:    905 / 2000
early stopping counter:  2
saving losses
epoch:    906 / 2000
saving losses
epoch:    907 / 2000
saving losses
epoch:    908 / 2000
early stopping counter:  2
saving losses
epoch:    909 / 2000
early stopping counter:  4
saving losses
epoch:    910 / 2000
early stopping counter:  6
saving losses
epoch:    911 / 2000
early stopping counter:  8
saving losses
epoch:    912 / 2000
early stopping counter:  10
saving losses
epoch:    913 / 2000
saving losses
epoch:    914 / 2000
early stopping counter:  2
saving losses
epoch:    915 / 2000
early stopping counter:  4
saving losses
epoch:    916 / 2000
saving losses
epoch:    917 / 2000
early stopping counter:  2
saving losses
epoch:    918 / 2000
early stopping counter:  4
saving losses
epoch:    919 / 2000
saving losses
epoch:    920 / 2000
early stopping counter:  2
saving losses
epoch:    921 / 2000
early stopping counter:  4
saving losses
epoch:    922 / 2000
early stopping counter:  6
saving losses
epoch:    923 / 2000
saving losses
epoch:    924 / 2000
saving losses
epoch:    925 / 2000
saving losses
epoch:    926 / 2000
early stopping counter:  2
saving losses
epoch:    927 / 2000
saving losses
epoch:    928 / 2000
early stopping counter:  2
saving losses
epoch:    929 / 2000
saving losses
epoch:    930 / 2000
early stopping counter:  2
saving losses
epoch:    931 / 2000
early stopping counter:  4
saving losses
epoch:    932 / 2000
early stopping counter:  6
saving losses
epoch:    933 / 2000
saving losses
epoch:    934 / 2000
early stopping counter:  2
saving losses
epoch:    935 / 2000
early stopping counter:  4
saving losses
epoch:    936 / 2000
saving losses
epoch:    937 / 2000
saving losses
epoch:    938 / 2000
early stopping counter:  2
saving losses
epoch:    939 / 2000
early stopping counter:  4
saving losses
epoch:    940 / 2000
saving losses
epoch:    941 / 2000
saving losses
epoch:    942 / 2000
saving losses
epoch:    943 / 2000
early stopping counter:  2
saving losses
epoch:    944 / 2000
saving losses
epoch:    945 / 2000
saving losses
epoch:    946 / 2000
early stopping counter:  2
saving losses
epoch:    947 / 2000
saving losses
epoch:    948 / 2000
early stopping counter:  2
saving losses
epoch:    949 / 2000
saving losses
epoch:    950 / 2000
early stopping counter:  2
saving losses
epoch:    951 / 2000
saving losses
epoch:    952 / 2000
saving losses
epoch:    953 / 2000
saving losses
epoch:    954 / 2000
early stopping counter:  2
saving losses
epoch:    955 / 2000
early stopping counter:  4
saving losses
epoch:    956 / 2000
saving losses
epoch:    957 / 2000
early stopping counter:  2
saving losses
epoch:    958 / 2000
early stopping counter:  4
saving losses
epoch:    959 / 2000
saving losses
epoch:    960 / 2000
early stopping counter:  2
saving losses
epoch:    961 / 2000
early stopping counter:  4
saving losses
epoch:    962 / 2000
saving losses
epoch:    963 / 2000
saving losses
epoch:    964 / 2000
early stopping counter:  2
saving losses
epoch:    965 / 2000
saving losses
epoch:    966 / 2000
early stopping counter:  2
saving losses
epoch:    967 / 2000
early stopping counter:  4
saving losses
epoch:    968 / 2000
early stopping counter:  6
saving losses
epoch:    969 / 2000
early stopping counter:  8
saving losses
epoch:    970 / 2000
saving losses
epoch:    971 / 2000
early stopping counter:  2
saving losses
epoch:    972 / 2000
saving losses
epoch:    973 / 2000
early stopping counter:  2
saving losses
epoch:    974 / 2000
saving losses
epoch:    975 / 2000
saving losses
epoch:    976 / 2000
early stopping counter:  2
saving losses
epoch:    977 / 2000
early stopping counter:  4
saving losses
epoch:    978 / 2000
saving losses
epoch:    979 / 2000
early stopping counter:  2
saving losses
epoch:    980 / 2000
early stopping counter:  4
saving losses
epoch:    981 / 2000
saving losses
epoch:    982 / 2000
saving losses
epoch:    983 / 2000
saving losses
epoch:    984 / 2000
early stopping counter:  2
saving losses
epoch:    985 / 2000
saving losses
epoch:    986 / 2000
saving losses
epoch:    987 / 2000
early stopping counter:  2
saving losses
epoch:    988 / 2000
saving losses
epoch:    989 / 2000
saving losses
epoch:    990 / 2000
saving losses
epoch:    991 / 2000
early stopping counter:  2
saving losses
epoch:    992 / 2000
saving losses
epoch:    993 / 2000
early stopping counter:  2
saving losses
epoch:    994 / 2000
saving losses
epoch:    995 / 2000
early stopping counter:  2
saving losses
epoch:    996 / 2000
early stopping counter:  4
saving losses
epoch:    997 / 2000
saving losses
epoch:    998 / 2000
early stopping counter:  2
saving losses
epoch:    999 / 2000
early stopping counter:  4
saving losses
epoch:    1000 / 2000
saving losses
epoch:    1001 / 2000
early stopping counter:  2
saving losses
epoch:    1002 / 2000
saving losses
epoch:    1003 / 2000
early stopping counter:  2
saving losses
epoch:    1004 / 2000
early stopping counter:  4
saving losses
epoch:    1005 / 2000
saving losses
epoch:    1006 / 2000
saving losses
epoch:    1007 / 2000
early stopping counter:  2
saving losses
epoch:    1008 / 2000
saving losses
epoch:    1009 / 2000
early stopping counter:  2
saving losses
epoch:    1010 / 2000
early stopping counter:  4
saving losses
epoch:    1011 / 2000
early stopping counter:  6
saving losses
epoch:    1012 / 2000
saving losses
epoch:    1013 / 2000
saving losses
epoch:    1014 / 2000
early stopping counter:  2
saving losses
epoch:    1015 / 2000
early stopping counter:  4
saving losses
epoch:    1016 / 2000
saving losses
epoch:    1017 / 2000
early stopping counter:  2
saving losses
epoch:    1018 / 2000
early stopping counter:  4
saving losses
epoch:    1019 / 2000
saving losses
epoch:    1020 / 2000
saving losses
epoch:    1021 / 2000
early stopping counter:  2
saving losses
epoch:    1022 / 2000
saving losses
epoch:    1023 / 2000
early stopping counter:  2
saving losses
epoch:    1024 / 2000
saving losses
epoch:    1025 / 2000
early stopping counter:  2
saving losses
epoch:    1026 / 2000
early stopping counter:  4
saving losses
epoch:    1027 / 2000
saving losses
epoch:    1028 / 2000
saving losses
epoch:    1029 / 2000
early stopping counter:  2
saving losses
epoch:    1030 / 2000
early stopping counter:  4
saving losses
epoch:    1031 / 2000
early stopping counter:  6
saving losses
epoch:    1032 / 2000
early stopping counter:  8
saving losses
epoch:    1033 / 2000
saving losses
epoch:    1034 / 2000
saving losses
epoch:    1035 / 2000
early stopping counter:  2
saving losses
epoch:    1036 / 2000
early stopping counter:  4
saving losses
epoch:    1037 / 2000
saving losses
epoch:    1038 / 2000
saving losses
epoch:    1039 / 2000
early stopping counter:  2
saving losses
epoch:    1040 / 2000
early stopping counter:  4
saving losses
epoch:    1041 / 2000
saving losses
epoch:    1042 / 2000
early stopping counter:  2
saving losses
epoch:    1043 / 2000
saving losses
epoch:    1044 / 2000
saving losses
epoch:    1045 / 2000
early stopping counter:  2
saving losses
epoch:    1046 / 2000
early stopping counter:  4
saving losses
epoch:    1047 / 2000
early stopping counter:  6
saving losses
epoch:    1048 / 2000
saving losses
epoch:    1049 / 2000
saving losses
epoch:    1050 / 2000
saving losses
epoch:    1051 / 2000
early stopping counter:  2
saving losses
epoch:    1052 / 2000
early stopping counter:  4
saving losses
epoch:    1053 / 2000
saving losses
epoch:    1054 / 2000
saving losses
epoch:    1055 / 2000
early stopping counter:  2
saving losses
epoch:    1056 / 2000
early stopping counter:  4
saving losses
epoch:    1057 / 2000
early stopping counter:  6
saving losses
epoch:    1058 / 2000
saving losses
epoch:    1059 / 2000
saving losses
epoch:    1060 / 2000
saving losses
epoch:    1061 / 2000
early stopping counter:  2
saving losses
epoch:    1062 / 2000
saving losses
epoch:    1063 / 2000
early stopping counter:  2
saving losses
epoch:    1064 / 2000
saving losses
epoch:    1065 / 2000
early stopping counter:  2
saving losses
epoch:    1066 / 2000
early stopping counter:  4
saving losses
epoch:    1067 / 2000
early stopping counter:  6
saving losses
epoch:    1068 / 2000
saving losses
epoch:    1069 / 2000
saving losses
epoch:    1070 / 2000
early stopping counter:  2
saving losses
epoch:    1071 / 2000
saving losses
epoch:    1072 / 2000
early stopping counter:  2
saving losses
epoch:    1073 / 2000
saving losses
epoch:    1074 / 2000
saving losses
epoch:    1075 / 2000
saving losses
epoch:    1076 / 2000
early stopping counter:  2
saving losses
epoch:    1077 / 2000
early stopping counter:  4
saving losses
epoch:    1078 / 2000
early stopping counter:  6
saving losses
epoch:    1079 / 2000
saving losses
epoch:    1080 / 2000
early stopping counter:  2
saving losses
epoch:    1081 / 2000
early stopping counter:  4
saving losses
epoch:    1082 / 2000
early stopping counter:  6
saving losses
epoch:    1083 / 2000
early stopping counter:  8
saving losses
epoch:    1084 / 2000
early stopping counter:  10
saving losses
epoch:    1085 / 2000
saving losses
epoch:    1086 / 2000
early stopping counter:  2
saving losses
epoch:    1087 / 2000
saving losses
epoch:    1088 / 2000
saving losses
epoch:    1089 / 2000
early stopping counter:  2
saving losses
epoch:    1090 / 2000
early stopping counter:  4
saving losses
epoch:    1091 / 2000
early stopping counter:  6
saving losses
epoch:    1092 / 2000
saving losses
epoch:    1093 / 2000
early stopping counter:  2
saving losses
epoch:    1094 / 2000
saving losses
epoch:    1095 / 2000
early stopping counter:  2
saving losses
epoch:    1096 / 2000
early stopping counter:  4
saving losses
epoch:    1097 / 2000
saving losses
epoch:    1098 / 2000
early stopping counter:  2
saving losses
epoch:    1099 / 2000
early stopping counter:  4
saving losses
epoch:    1100 / 2000
saving losses
epoch:    1101 / 2000
saving losses
epoch:    1102 / 2000
early stopping counter:  2
saving losses
epoch:    1103 / 2000
early stopping counter:  4
saving losses
epoch:    1104 / 2000
saving losses
epoch:    1105 / 2000
saving losses
epoch:    1106 / 2000
early stopping counter:  2
saving losses
epoch:    1107 / 2000
early stopping counter:  4
saving losses
epoch:    1108 / 2000
early stopping counter:  6
saving losses
epoch:    1109 / 2000
New min test loss. Saving model
saving losses
epoch:    1110 / 2000
early stopping counter:  2
saving losses
epoch:    1111 / 2000
early stopping counter:  4
saving losses
epoch:    1112 / 2000
early stopping counter:  6
saving losses
epoch:    1113 / 2000
early stopping counter:  8
saving losses
epoch:    1114 / 2000
saving losses
epoch:    1115 / 2000
early stopping counter:  2
saving losses
epoch:    1116 / 2000
early stopping counter:  4
saving losses
epoch:    1117 / 2000
saving losses
epoch:    1118 / 2000
saving losses
epoch:    1119 / 2000
saving losses
epoch:    1120 / 2000
early stopping counter:  2
saving losses
epoch:    1121 / 2000
early stopping counter:  4
saving losses
epoch:    1122 / 2000
early stopping counter:  6
saving losses
epoch:    1123 / 2000
saving losses
epoch:    1124 / 2000
saving losses
epoch:    1125 / 2000
saving losses
epoch:    1126 / 2000
early stopping counter:  2
saving losses
epoch:    1127 / 2000
early stopping counter:  4
saving losses
epoch:    1128 / 2000
saving losses
epoch:    1129 / 2000
early stopping counter:  2
saving losses
epoch:    1130 / 2000
early stopping counter:  4
saving losses
epoch:    1131 / 2000
saving losses
epoch:    1132 / 2000
early stopping counter:  2
saving losses
epoch:    1133 / 2000
saving losses
epoch:    1134 / 2000
early stopping counter:  2
saving losses
epoch:    1135 / 2000
saving losses
epoch:    1136 / 2000
early stopping counter:  2
saving losses
epoch:    1137 / 2000
early stopping counter:  4
saving losses
epoch:    1138 / 2000
early stopping counter:  6
saving losses
epoch:    1139 / 2000
saving losses
epoch:    1140 / 2000
early stopping counter:  2
saving losses
epoch:    1141 / 2000
saving losses
epoch:    1142 / 2000
saving losses
epoch:    1143 / 2000
early stopping counter:  2
saving losses
epoch:    1144 / 2000
saving losses
epoch:    1145 / 2000
saving losses
epoch:    1146 / 2000
early stopping counter:  2
saving losses
epoch:    1147 / 2000
saving losses
epoch:    1148 / 2000
saving losses
epoch:    1149 / 2000
early stopping counter:  2
saving losses
epoch:    1150 / 2000
early stopping counter:  4
saving losses
epoch:    1151 / 2000
early stopping counter:  6
saving losses
epoch:    1152 / 2000
saving losses
epoch:    1153 / 2000
saving losses
epoch:    1154 / 2000
early stopping counter:  2
saving losses
epoch:    1155 / 2000
saving losses
epoch:    1156 / 2000
early stopping counter:  2
saving losses
epoch:    1157 / 2000
saving losses
epoch:    1158 / 2000
early stopping counter:  2
saving losses
epoch:    1159 / 2000
saving losses
epoch:    1160 / 2000
saving losses
epoch:    1161 / 2000
early stopping counter:  2
saving losses
epoch:    1162 / 2000
saving losses
epoch:    1163 / 2000
early stopping counter:  2
saving losses
epoch:    1164 / 2000
early stopping counter:  4
saving losses
epoch:    1165 / 2000
saving losses
epoch:    1166 / 2000
saving losses
epoch:    1167 / 2000
early stopping counter:  2
saving losses
epoch:    1168 / 2000
early stopping counter:  4
saving losses
epoch:    1169 / 2000
saving losses
epoch:    1170 / 2000
early stopping counter:  2
saving losses
epoch:    1171 / 2000
saving losses
epoch:    1172 / 2000
early stopping counter:  2
saving losses
epoch:    1173 / 2000
early stopping counter:  4
saving losses
epoch:    1174 / 2000
early stopping counter:  6
saving losses
epoch:    1175 / 2000
saving losses
epoch:    1176 / 2000
early stopping counter:  2
saving losses
epoch:    1177 / 2000
saving losses
epoch:    1178 / 2000
saving losses
epoch:    1179 / 2000
early stopping counter:  2
saving losses
epoch:    1180 / 2000
saving losses
epoch:    1181 / 2000
saving losses
epoch:    1182 / 2000
early stopping counter:  2
saving losses
epoch:    1183 / 2000
saving losses
epoch:    1184 / 2000
early stopping counter:  2
saving losses
epoch:    1185 / 2000
early stopping counter:  4
saving losses
epoch:    1186 / 2000
saving losses
epoch:    1187 / 2000
early stopping counter:  2
saving losses
epoch:    1188 / 2000
saving losses
epoch:    1189 / 2000
early stopping counter:  2
saving losses
epoch:    1190 / 2000
saving losses
epoch:    1191 / 2000
early stopping counter:  2
saving losses
epoch:    1192 / 2000
saving losses
epoch:    1193 / 2000
early stopping counter:  2
saving losses
epoch:    1194 / 2000
early stopping counter:  4
saving losses
epoch:    1195 / 2000
early stopping counter:  6
saving losses
epoch:    1196 / 2000
saving losses
epoch:    1197 / 2000
saving losses
epoch:    1198 / 2000
early stopping counter:  2
saving losses
epoch:    1199 / 2000
early stopping counter:  4
saving losses
epoch:    1200 / 2000
early stopping counter:  6
saving losses
epoch:    1201 / 2000
early stopping counter:  8
saving losses
epoch:    1202 / 2000
saving losses
epoch:    1203 / 2000
early stopping counter:  2
saving losses
epoch:    1204 / 2000
saving losses
epoch:    1205 / 2000
saving losses
epoch:    1206 / 2000
early stopping counter:  2
saving losses
epoch:    1207 / 2000
saving losses
epoch:    1208 / 2000
early stopping counter:  2
saving losses
epoch:    1209 / 2000
early stopping counter:  4
saving losses
epoch:    1210 / 2000
saving losses
epoch:    1211 / 2000
early stopping counter:  2
saving losses
epoch:    1212 / 2000
saving losses
epoch:    1213 / 2000
early stopping counter:  2
saving losses
epoch:    1214 / 2000
early stopping counter:  4
saving losses
epoch:    1215 / 2000
early stopping counter:  6
saving losses
epoch:    1216 / 2000
saving losses
epoch:    1217 / 2000
early stopping counter:  2
saving losses
epoch:    1218 / 2000
saving losses
epoch:    1219 / 2000
saving losses
epoch:    1220 / 2000
saving losses
epoch:    1221 / 2000
early stopping counter:  2
saving losses
epoch:    1222 / 2000
early stopping counter:  4
saving losses
epoch:    1223 / 2000
saving losses
epoch:    1224 / 2000
saving losses
epoch:    1225 / 2000
saving losses
epoch:    1226 / 2000
early stopping counter:  2
saving losses
epoch:    1227 / 2000
early stopping counter:  4
saving losses
epoch:    1228 / 2000
saving losses
epoch:    1229 / 2000
saving losses
epoch:    1230 / 2000
early stopping counter:  2
saving losses
epoch:    1231 / 2000
saving losses
epoch:    1232 / 2000
early stopping counter:  2
saving losses
epoch:    1233 / 2000
saving losses
epoch:    1234 / 2000
saving losses
epoch:    1235 / 2000
early stopping counter:  2
saving losses
epoch:    1236 / 2000
saving losses
epoch:    1237 / 2000
early stopping counter:  2
saving losses
epoch:    1238 / 2000
saving losses
epoch:    1239 / 2000
early stopping counter:  2
saving losses
epoch:    1240 / 2000
saving losses
epoch:    1241 / 2000
saving losses
epoch:    1242 / 2000
early stopping counter:  2
saving losses
epoch:    1243 / 2000
saving losses
epoch:    1244 / 2000
early stopping counter:  2
saving losses
epoch:    1245 / 2000
saving losses
epoch:    1246 / 2000
saving losses
epoch:    1247 / 2000
early stopping counter:  2
saving losses
epoch:    1248 / 2000
saving losses
epoch:    1249 / 2000
early stopping counter:  2
saving losses
epoch:    1250 / 2000
saving losses
epoch:    1251 / 2000
early stopping counter:  2
saving losses
epoch:    1252 / 2000
saving losses
epoch:    1253 / 2000
early stopping counter:  2
saving losses
epoch:    1254 / 2000
saving losses
epoch:    1255 / 2000
early stopping counter:  2
saving losses
epoch:    1256 / 2000
early stopping counter:  4
saving losses
epoch:    1257 / 2000
saving losses
epoch:    1258 / 2000
early stopping counter:  2
saving losses
epoch:    1259 / 2000
saving losses
epoch:    1260 / 2000
early stopping counter:  2
saving losses
epoch:    1261 / 2000
saving losses
epoch:    1262 / 2000
early stopping counter:  2
saving losses
epoch:    1263 / 2000
early stopping counter:  4
saving losses
epoch:    1264 / 2000
saving losses
epoch:    1265 / 2000
early stopping counter:  2
saving losses
epoch:    1266 / 2000
early stopping counter:  4
saving losses
epoch:    1267 / 2000
saving losses
epoch:    1268 / 2000
early stopping counter:  2
saving losses
epoch:    1269 / 2000
early stopping counter:  4
saving losses
epoch:    1270 / 2000
early stopping counter:  6
saving losses
epoch:    1271 / 2000
saving losses
epoch:    1272 / 2000
early stopping counter:  2
saving losses
epoch:    1273 / 2000
saving losses
epoch:    1274 / 2000
early stopping counter:  2
saving losses
epoch:    1275 / 2000
saving losses
epoch:    1276 / 2000
saving losses
epoch:    1277 / 2000
early stopping counter:  2
saving losses
epoch:    1278 / 2000
early stopping counter:  4
saving losses
epoch:    1279 / 2000
saving losses
epoch:    1280 / 2000
saving losses
epoch:    1281 / 2000
early stopping counter:  2
saving losses
epoch:    1282 / 2000
saving losses
epoch:    1283 / 2000
early stopping counter:  2
saving losses
epoch:    1284 / 2000
saving losses
epoch:    1285 / 2000
early stopping counter:  2
saving losses
epoch:    1286 / 2000
saving losses
epoch:    1287 / 2000
early stopping counter:  2
saving losses
epoch:    1288 / 2000
saving losses
epoch:    1289 / 2000
early stopping counter:  2
saving losses
epoch:    1290 / 2000
early stopping counter:  4
saving losses
epoch:    1291 / 2000
saving losses
epoch:    1292 / 2000
early stopping counter:  2
saving losses
epoch:    1293 / 2000
early stopping counter:  4
saving losses
epoch:    1294 / 2000
saving losses
epoch:    1295 / 2000
early stopping counter:  2
saving losses
epoch:    1296 / 2000
saving losses
epoch:    1297 / 2000
saving losses
epoch:    1298 / 2000
early stopping counter:  2
saving losses
epoch:    1299 / 2000
early stopping counter:  4
saving losses
epoch:    1300 / 2000
saving losses
epoch:    1301 / 2000
saving losses
epoch:    1302 / 2000
early stopping counter:  2
saving losses
epoch:    1303 / 2000
early stopping counter:  4
saving losses
epoch:    1304 / 2000
saving losses
epoch:    1305 / 2000
early stopping counter:  2
saving losses
epoch:    1306 / 2000
saving losses
epoch:    1307 / 2000
early stopping counter:  2
saving losses
epoch:    1308 / 2000
early stopping counter:  4
saving losses
epoch:    1309 / 2000
early stopping counter:  6
saving losses
epoch:    1310 / 2000
saving losses
epoch:    1311 / 2000
early stopping counter:  2
saving losses
epoch:    1312 / 2000
saving losses
epoch:    1313 / 2000
early stopping counter:  2
saving losses
epoch:    1314 / 2000
early stopping counter:  4
saving losses
epoch:    1315 / 2000
saving losses
epoch:    1316 / 2000
saving losses
epoch:    1317 / 2000
early stopping counter:  2
saving losses
epoch:    1318 / 2000
saving losses
epoch:    1319 / 2000
early stopping counter:  2
saving losses
epoch:    1320 / 2000
early stopping counter:  4
saving losses
epoch:    1321 / 2000
saving losses
epoch:    1322 / 2000
saving losses
epoch:    1323 / 2000
saving losses
epoch:    1324 / 2000
early stopping counter:  2
saving losses
epoch:    1325 / 2000
early stopping counter:  4
saving losses
epoch:    1326 / 2000
saving losses
epoch:    1327 / 2000
early stopping counter:  2
saving losses
epoch:    1328 / 2000
early stopping counter:  4
saving losses
epoch:    1329 / 2000
saving losses
epoch:    1330 / 2000
early stopping counter:  2
saving losses
epoch:    1331 / 2000
saving losses
epoch:    1332 / 2000
early stopping counter:  2
saving losses
epoch:    1333 / 2000
saving losses
epoch:    1334 / 2000
saving losses
epoch:    1335 / 2000
early stopping counter:  2
saving losses
epoch:    1336 / 2000
saving losses
epoch:    1337 / 2000
early stopping counter:  2
saving losses
epoch:    1338 / 2000
saving losses
epoch:    1339 / 2000
saving losses
epoch:    1340 / 2000
saving losses
epoch:    1341 / 2000
early stopping counter:  2
saving losses
epoch:    1342 / 2000
saving losses
epoch:    1343 / 2000
early stopping counter:  2
saving losses
epoch:    1344 / 2000
early stopping counter:  4
saving losses
epoch:    1345 / 2000
saving losses
epoch:    1346 / 2000
early stopping counter:  2
saving losses
epoch:    1347 / 2000
saving losses
epoch:    1348 / 2000
early stopping counter:  2
saving losses
epoch:    1349 / 2000
saving losses
epoch:    1350 / 2000
saving losses
epoch:    1351 / 2000
early stopping counter:  2
saving losses
epoch:    1352 / 2000
saving losses
epoch:    1353 / 2000
saving losses
epoch:    1354 / 2000
early stopping counter:  2
saving losses
epoch:    1355 / 2000
early stopping counter:  4
saving losses
epoch:    1356 / 2000
saving losses
epoch:    1357 / 2000
saving losses
epoch:    1358 / 2000
early stopping counter:  2
saving losses
epoch:    1359 / 2000
saving losses
epoch:    1360 / 2000
early stopping counter:  2
saving losses
epoch:    1361 / 2000
saving losses
epoch:    1362 / 2000
early stopping counter:  2
saving losses
epoch:    1363 / 2000
early stopping counter:  4
saving losses
epoch:    1364 / 2000
saving losses
epoch:    1365 / 2000
saving losses
epoch:    1366 / 2000
early stopping counter:  2
saving losses
epoch:    1367 / 2000
saving losses
epoch:    1368 / 2000
early stopping counter:  2
saving losses
epoch:    1369 / 2000
saving losses
epoch:    1370 / 2000
saving losses
epoch:    1371 / 2000
early stopping counter:  2
saving losses
epoch:    1372 / 2000
early stopping counter:  4
saving losses
epoch:    1373 / 2000
saving losses
epoch:    1374 / 2000
saving losses
epoch:    1375 / 2000
early stopping counter:  2
saving losses
epoch:    1376 / 2000
saving losses
epoch:    1377 / 2000
early stopping counter:  2
saving losses
epoch:    1378 / 2000
saving losses
epoch:    1379 / 2000
early stopping counter:  2
saving losses
epoch:    1380 / 2000
early stopping counter:  4
saving losses
epoch:    1381 / 2000
saving losses
epoch:    1382 / 2000
early stopping counter:  2
saving losses
epoch:    1383 / 2000
saving losses
epoch:    1384 / 2000
early stopping counter:  2
saving losses
epoch:    1385 / 2000
saving losses
epoch:    1386 / 2000
early stopping counter:  2
saving losses
epoch:    1387 / 2000
early stopping counter:  4
saving losses
epoch:    1388 / 2000
saving losses
epoch:    1389 / 2000
saving losses
epoch:    1390 / 2000
saving losses
epoch:    1391 / 2000
early stopping counter:  2
saving losses
epoch:    1392 / 2000
early stopping counter:  4
saving losses
epoch:    1393 / 2000
saving losses
epoch:    1394 / 2000
early stopping counter:  2
saving losses
epoch:    1395 / 2000
saving losses
epoch:    1396 / 2000
early stopping counter:  2
saving losses
epoch:    1397 / 2000
saving losses
epoch:    1398 / 2000
saving losses
epoch:    1399 / 2000
saving losses
epoch:    1400 / 2000
early stopping counter:  2
saving losses
epoch:    1401 / 2000
saving losses
epoch:    1402 / 2000
early stopping counter:  2
saving losses
epoch:    1403 / 2000
saving losses
epoch:    1404 / 2000
saving losses
epoch:    1405 / 2000
early stopping counter:  2
saving losses
epoch:    1406 / 2000
saving losses
epoch:    1407 / 2000
early stopping counter:  2
saving losses
epoch:    1408 / 2000
early stopping counter:  4
saving losses
epoch:    1409 / 2000
saving losses
epoch:    1410 / 2000
early stopping counter:  2
saving losses
epoch:    1411 / 2000
saving losses
epoch:    1412 / 2000
early stopping counter:  2
saving losses
epoch:    1413 / 2000
early stopping counter:  4
saving losses
epoch:    1414 / 2000
saving losses
epoch:    1415 / 2000
early stopping counter:  2
saving losses
epoch:    1416 / 2000
saving losses
epoch:    1417 / 2000
early stopping counter:  2
saving losses
epoch:    1418 / 2000
saving losses
epoch:    1419 / 2000
early stopping counter:  2
saving losses
epoch:    1420 / 2000
saving losses
epoch:    1421 / 2000
early stopping counter:  2
saving losses
epoch:    1422 / 2000
saving losses
epoch:    1423 / 2000
early stopping counter:  2
saving losses
epoch:    1424 / 2000
saving losses
epoch:    1425 / 2000
early stopping counter:  2
saving losses
epoch:    1426 / 2000
saving losses
epoch:    1427 / 2000
saving losses
epoch:    1428 / 2000
early stopping counter:  2
saving losses
epoch:    1429 / 2000
saving losses
epoch:    1430 / 2000
early stopping counter:  2
saving losses
epoch:    1431 / 2000
saving losses
epoch:    1432 / 2000
early stopping counter:  2
saving losses
epoch:    1433 / 2000
early stopping counter:  4
saving losses
epoch:    1434 / 2000
saving losses
epoch:    1435 / 2000
early stopping counter:  2
saving losses
epoch:    1436 / 2000
saving losses
epoch:    1437 / 2000
early stopping counter:  2
saving losses
epoch:    1438 / 2000
saving losses
epoch:    1439 / 2000
early stopping counter:  2
saving losses
epoch:    1440 / 2000
saving losses
epoch:    1441 / 2000
saving losses
epoch:    1442 / 2000
early stopping counter:  2
saving losses
epoch:    1443 / 2000
early stopping counter:  4
saving losses
epoch:    1444 / 2000
saving losses
epoch:    1445 / 2000
saving losses
epoch:    1446 / 2000
early stopping counter:  2
saving losses
epoch:    1447 / 2000
saving losses
epoch:    1448 / 2000
saving losses
epoch:    1449 / 2000
early stopping counter:  2
saving losses
epoch:    1450 / 2000
saving losses
epoch:    1451 / 2000
early stopping counter:  2
saving losses
epoch:    1452 / 2000
saving losses
epoch:    1453 / 2000
saving losses
epoch:    1454 / 2000
early stopping counter:  2
saving losses
epoch:    1455 / 2000
early stopping counter:  4
saving losses
epoch:    1456 / 2000
saving losses
epoch:    1457 / 2000
early stopping counter:  2
saving losses
epoch:    1458 / 2000
early stopping counter:  4
saving losses
epoch:    1459 / 2000
saving losses
epoch:    1460 / 2000
early stopping counter:  2
saving losses
epoch:    1461 / 2000
saving losses
epoch:    1462 / 2000
saving losses
epoch:    1463 / 2000
early stopping counter:  2
saving losses
epoch:    1464 / 2000
saving losses
epoch:    1465 / 2000
saving losses
epoch:    1466 / 2000
early stopping counter:  2
saving losses
epoch:    1467 / 2000
early stopping counter:  4
saving losses
epoch:    1468 / 2000
saving losses
epoch:    1469 / 2000
saving losses
epoch:    1470 / 2000
early stopping counter:  2
saving losses
epoch:    1471 / 2000
early stopping counter:  4
saving losses
epoch:    1472 / 2000
saving losses
epoch:    1473 / 2000
early stopping counter:  2
saving losses
epoch:    1474 / 2000
saving losses
epoch:    1475 / 2000
early stopping counter:  2
saving losses
epoch:    1476 / 2000
saving losses
epoch:    1477 / 2000
early stopping counter:  2
saving losses
epoch:    1478 / 2000
early stopping counter:  4
saving losses
epoch:    1479 / 2000
saving losses
epoch:    1480 / 2000
saving losses
epoch:    1481 / 2000
early stopping counter:  2
saving losses
epoch:    1482 / 2000
saving losses
epoch:    1483 / 2000
early stopping counter:  2
saving losses
epoch:    1484 / 2000
saving losses
epoch:    1485 / 2000
early stopping counter:  2
saving losses
epoch:    1486 / 2000
saving losses
epoch:    1487 / 2000
early stopping counter:  2
saving losses
epoch:    1488 / 2000
early stopping counter:  4
saving losses
epoch:    1489 / 2000
saving losses
epoch:    1490 / 2000
saving losses
epoch:    1491 / 2000
early stopping counter:  2
saving losses
epoch:    1492 / 2000
early stopping counter:  4
saving losses
epoch:    1493 / 2000
early stopping counter:  6
saving losses
epoch:    1494 / 2000
saving losses
epoch:    1495 / 2000
saving losses
epoch:    1496 / 2000
early stopping counter:  2
saving losses
epoch:    1497 / 2000
saving losses
epoch:    1498 / 2000
early stopping counter:  2
saving losses
epoch:    1499 / 2000
saving losses
epoch:    1500 / 2000
early stopping counter:  2
saving losses
epoch:    1501 / 2000
saving losses
epoch:    1502 / 2000
early stopping counter:  2
saving losses
epoch:    1503 / 2000
saving losses
epoch:    1504 / 2000
early stopping counter:  2
saving losses
epoch:    1505 / 2000
saving losses
epoch:    1506 / 2000
early stopping counter:  2
saving losses
epoch:    1507 / 2000
early stopping counter:  4
saving losses
epoch:    1508 / 2000
saving losses
epoch:    1509 / 2000
early stopping counter:  2
saving losses
epoch:    1510 / 2000
saving losses
epoch:    1511 / 2000
early stopping counter:  2
saving losses
epoch:    1512 / 2000
early stopping counter:  4
saving losses
epoch:    1513 / 2000
saving losses
epoch:    1514 / 2000
saving losses
epoch:    1515 / 2000
early stopping counter:  2
saving losses
epoch:    1516 / 2000
saving losses
epoch:    1517 / 2000
early stopping counter:  2
saving losses
epoch:    1518 / 2000
early stopping counter:  4
saving losses
epoch:    1519 / 2000
saving losses
epoch:    1520 / 2000
early stopping counter:  2
saving losses
epoch:    1521 / 2000
saving losses
epoch:    1522 / 2000
early stopping counter:  2
saving losses
epoch:    1523 / 2000
saving losses
epoch:    1524 / 2000
early stopping counter:  2
saving losses
epoch:    1525 / 2000
saving losses
epoch:    1526 / 2000
saving losses
epoch:    1527 / 2000
early stopping counter:  2
saving losses
epoch:    1528 / 2000
early stopping counter:  4
saving losses
epoch:    1529 / 2000
early stopping counter:  6
saving losses
epoch:    1530 / 2000
saving losses
epoch:    1531 / 2000
early stopping counter:  2
saving losses
epoch:    1532 / 2000
saving losses
epoch:    1533 / 2000
saving losses
epoch:    1534 / 2000
early stopping counter:  2
saving losses
epoch:    1535 / 2000
saving losses
epoch:    1536 / 2000
early stopping counter:  2
saving losses
epoch:    1537 / 2000
early stopping counter:  4
saving losses
epoch:    1538 / 2000
early stopping counter:  6
saving losses
epoch:    1539 / 2000
saving losses
epoch:    1540 / 2000
early stopping counter:  2
saving losses
epoch:    1541 / 2000
saving losses
epoch:    1542 / 2000
early stopping counter:  2
saving losses
epoch:    1543 / 2000
saving losses
epoch:    1544 / 2000
saving losses
epoch:    1545 / 2000
saving losses
epoch:    1546 / 2000
saving losses
epoch:    1547 / 2000
early stopping counter:  2
saving losses
epoch:    1548 / 2000
early stopping counter:  4
saving losses
epoch:    1549 / 2000
early stopping counter:  6
saving losses
epoch:    1550 / 2000
saving losses
epoch:    1551 / 2000
early stopping counter:  2
saving losses
epoch:    1552 / 2000
early stopping counter:  4
saving losses
epoch:    1553 / 2000
saving losses
epoch:    1554 / 2000
early stopping counter:  2
saving losses
epoch:    1555 / 2000
saving losses
epoch:    1556 / 2000
saving losses
epoch:    1557 / 2000
saving losses
epoch:    1558 / 2000
early stopping counter:  2
saving losses
epoch:    1559 / 2000
saving losses
epoch:    1560 / 2000
early stopping counter:  2
saving losses
epoch:    1561 / 2000
saving losses
epoch:    1562 / 2000
early stopping counter:  2
saving losses
epoch:    1563 / 2000
saving losses
epoch:    1564 / 2000
early stopping counter:  2
saving losses
epoch:    1565 / 2000
saving losses
epoch:    1566 / 2000
saving losses
epoch:    1567 / 2000
early stopping counter:  2
saving losses
epoch:    1568 / 2000
early stopping counter:  4
saving losses
epoch:    1569 / 2000
saving losses
epoch:    1570 / 2000
early stopping counter:  2
saving losses
epoch:    1571 / 2000
early stopping counter:  4
saving losses
epoch:    1572 / 2000
early stopping counter:  6
saving losses
epoch:    1573 / 2000
saving losses
epoch:    1574 / 2000
saving losses
epoch:    1575 / 2000
early stopping counter:  2
saving losses
epoch:    1576 / 2000
saving losses
epoch:    1577 / 2000
early stopping counter:  2
saving losses
epoch:    1578 / 2000
saving losses
epoch:    1579 / 2000
saving losses
epoch:    1580 / 2000
early stopping counter:  2
saving losses
epoch:    1581 / 2000
early stopping counter:  4
saving losses
epoch:    1582 / 2000
early stopping counter:  6
saving losses
epoch:    1583 / 2000
saving losses
epoch:    1584 / 2000
saving losses
epoch:    1585 / 2000
saving losses
epoch:    1586 / 2000
early stopping counter:  2
saving losses
epoch:    1587 / 2000
early stopping counter:  4
saving losses
epoch:    1588 / 2000
early stopping counter:  6
saving losses
epoch:    1589 / 2000
saving losses
epoch:    1590 / 2000
early stopping counter:  2
saving losses
epoch:    1591 / 2000
saving losses
epoch:    1592 / 2000
early stopping counter:  2
saving losses
epoch:    1593 / 2000
saving losses
epoch:    1594 / 2000
early stopping counter:  2
saving losses
epoch:    1595 / 2000
saving losses
epoch:    1596 / 2000
early stopping counter:  2
saving losses
epoch:    1597 / 2000
saving losses
epoch:    1598 / 2000
early stopping counter:  2
saving losses
epoch:    1599 / 2000
early stopping counter:  4
saving losses
epoch:    1600 / 2000
early stopping counter:  6
saving losses
epoch:    1601 / 2000
saving losses
epoch:    1602 / 2000
saving losses
epoch:    1603 / 2000
early stopping counter:  2
saving losses
epoch:    1604 / 2000
saving losses
epoch:    1605 / 2000
saving losses
epoch:    1606 / 2000
early stopping counter:  2
saving losses
epoch:    1607 / 2000
saving losses
epoch:    1608 / 2000
early stopping counter:  2
saving losses
epoch:    1609 / 2000
early stopping counter:  4
saving losses
epoch:    1610 / 2000
saving losses
epoch:    1611 / 2000
saving losses
epoch:    1612 / 2000
early stopping counter:  2
saving losses
epoch:    1613 / 2000
early stopping counter:  4
saving losses
epoch:    1614 / 2000
early stopping counter:  6
saving losses
epoch:    1615 / 2000
saving losses
epoch:    1616 / 2000
saving losses
epoch:    1617 / 2000
early stopping counter:  2
saving losses
epoch:    1618 / 2000
early stopping counter:  4
saving losses
epoch:    1619 / 2000
saving losses
epoch:    1620 / 2000
saving losses
epoch:    1621 / 2000
early stopping counter:  2
saving losses
epoch:    1622 / 2000
early stopping counter:  4
saving losses
epoch:    1623 / 2000
saving losses
epoch:    1624 / 2000
saving losses
epoch:    1625 / 2000
early stopping counter:  2
saving losses
epoch:    1626 / 2000
early stopping counter:  4
saving losses
epoch:    1627 / 2000
saving losses
epoch:    1628 / 2000
early stopping counter:  2
saving losses
epoch:    1629 / 2000
saving losses
epoch:    1630 / 2000
early stopping counter:  2
saving losses
epoch:    1631 / 2000
early stopping counter:  4
saving losses
epoch:    1632 / 2000
saving losses
epoch:    1633 / 2000
early stopping counter:  2
saving losses
epoch:    1634 / 2000
early stopping counter:  4
saving losses
epoch:    1635 / 2000
saving losses
epoch:    1636 / 2000
saving losses
epoch:    1637 / 2000
saving losses
epoch:    1638 / 2000
early stopping counter:  2
saving losses
epoch:    1639 / 2000
saving losses
epoch:    1640 / 2000
early stopping counter:  2
saving losses
epoch:    1641 / 2000
saving losses
epoch:    1642 / 2000
early stopping counter:  2
saving losses
epoch:    1643 / 2000
early stopping counter:  4
saving losses
epoch:    1644 / 2000
saving losses
epoch:    1645 / 2000
early stopping counter:  2
saving losses
epoch:    1646 / 2000
saving losses
epoch:    1647 / 2000
early stopping counter:  2
saving losses
epoch:    1648 / 2000
early stopping counter:  4
saving losses
epoch:    1649 / 2000
saving losses
epoch:    1650 / 2000
early stopping counter:  2
saving losses
epoch:    1651 / 2000
saving losses
epoch:    1652 / 2000
early stopping counter:  2
saving losses
epoch:    1653 / 2000
saving losses
epoch:    1654 / 2000
early stopping counter:  2
saving losses
epoch:    1655 / 2000
saving losses
epoch:    1656 / 2000
early stopping counter:  2
saving losses
epoch:    1657 / 2000
early stopping counter:  4
saving losses
epoch:    1658 / 2000
saving losses
epoch:    1659 / 2000
early stopping counter:  2
saving losses
epoch:    1660 / 2000
saving losses
epoch:    1661 / 2000
saving losses
epoch:    1662 / 2000
saving losses
epoch:    1663 / 2000
early stopping counter:  2
saving losses
epoch:    1664 / 2000
early stopping counter:  4
saving losses
epoch:    1665 / 2000
saving losses
epoch:    1666 / 2000
saving losses
epoch:    1667 / 2000
early stopping counter:  2
saving losses
epoch:    1668 / 2000
early stopping counter:  4
saving losses
epoch:    1669 / 2000
saving losses
epoch:    1670 / 2000
saving losses
epoch:    1671 / 2000
saving losses
epoch:    1672 / 2000
early stopping counter:  2
saving losses
epoch:    1673 / 2000
saving losses
epoch:    1674 / 2000
early stopping counter:  2
saving losses
epoch:    1675 / 2000
early stopping counter:  4
saving losses
epoch:    1676 / 2000
saving losses
epoch:    1677 / 2000
early stopping counter:  2
saving losses
epoch:    1678 / 2000
early stopping counter:  4
saving losses
epoch:    1679 / 2000
early stopping counter:  6
saving losses
epoch:    1680 / 2000
saving losses
epoch:    1681 / 2000
saving losses
epoch:    1682 / 2000
early stopping counter:  2
saving losses
epoch:    1683 / 2000
saving losses
epoch:    1684 / 2000
saving losses
epoch:    1685 / 2000
early stopping counter:  2
saving losses
epoch:    1686 / 2000
saving losses
epoch:    1687 / 2000
saving losses
epoch:    1688 / 2000
early stopping counter:  2
saving losses
epoch:    1689 / 2000
early stopping counter:  4
saving losses
epoch:    1690 / 2000
saving losses
epoch:    1691 / 2000
early stopping counter:  2
saving losses
epoch:    1692 / 2000
saving losses
epoch:    1693 / 2000
early stopping counter:  2
saving losses
epoch:    1694 / 2000
saving losses
epoch:    1695 / 2000
early stopping counter:  2
saving losses
epoch:    1696 / 2000
saving losses
epoch:    1697 / 2000
early stopping counter:  2
saving losses
epoch:    1698 / 2000
saving losses
epoch:    1699 / 2000
saving losses
epoch:    1700 / 2000
early stopping counter:  2
saving losses
epoch:    1701 / 2000
early stopping counter:  4
saving losses
epoch:    1702 / 2000
early stopping counter:  6
saving losses
epoch:    1703 / 2000
saving losses
epoch:    1704 / 2000
early stopping counter:  2
saving losses
epoch:    1705 / 2000
saving losses
epoch:    1706 / 2000
early stopping counter:  2
saving losses
epoch:    1707 / 2000
saving losses
epoch:    1708 / 2000
early stopping counter:  2
saving losses
epoch:    1709 / 2000
saving losses
epoch:    1710 / 2000
early stopping counter:  2
saving losses
epoch:    1711 / 2000
early stopping counter:  4
saving losses
epoch:    1712 / 2000
early stopping counter:  6
saving losses
epoch:    1713 / 2000
early stopping counter:  8
saving losses
epoch:    1714 / 2000
saving losses
epoch:    1715 / 2000
saving losses
epoch:    1716 / 2000
saving losses
epoch:    1717 / 2000
saving losses
epoch:    1718 / 2000
early stopping counter:  2
saving losses
epoch:    1719 / 2000
saving losses
epoch:    1720 / 2000
early stopping counter:  2
saving losses
epoch:    1721 / 2000
saving losses
epoch:    1722 / 2000
early stopping counter:  2
saving losses
epoch:    1723 / 2000
saving losses
epoch:    1724 / 2000
saving losses
epoch:    1725 / 2000
early stopping counter:  2
saving losses
epoch:    1726 / 2000
early stopping counter:  4
saving losses
epoch:    1727 / 2000
early stopping counter:  6
saving losses
epoch:    1728 / 2000
saving losses
epoch:    1729 / 2000
saving losses
epoch:    1730 / 2000
early stopping counter:  2
saving losses
epoch:    1731 / 2000
early stopping counter:  4
saving losses
epoch:    1732 / 2000
saving losses
epoch:    1733 / 2000
early stopping counter:  2
saving losses
epoch:    1734 / 2000
early stopping counter:  4
saving losses
epoch:    1735 / 2000
saving losses
epoch:    1736 / 2000
saving losses
epoch:    1737 / 2000
early stopping counter:  2
saving losses
epoch:    1738 / 2000
saving losses
epoch:    1739 / 2000
saving losses
epoch:    1740 / 2000
early stopping counter:  2
saving losses
epoch:    1741 / 2000
early stopping counter:  4
saving losses
epoch:    1742 / 2000
saving losses
epoch:    1743 / 2000
saving losses
epoch:    1744 / 2000
early stopping counter:  2
saving losses
epoch:    1745 / 2000
early stopping counter:  4
saving losses
epoch:    1746 / 2000
saving losses
epoch:    1747 / 2000
early stopping counter:  2
saving losses
epoch:    1748 / 2000
saving losses
epoch:    1749 / 2000
saving losses
epoch:    1750 / 2000
early stopping counter:  2
saving losses
epoch:    1751 / 2000
saving losses
epoch:    1752 / 2000
saving losses
epoch:    1753 / 2000
early stopping counter:  2
saving losses
epoch:    1754 / 2000
early stopping counter:  4
saving losses
epoch:    1755 / 2000
saving losses
epoch:    1756 / 2000
saving losses
epoch:    1757 / 2000
early stopping counter:  2
saving losses
epoch:    1758 / 2000
early stopping counter:  4
saving losses
epoch:    1759 / 2000
saving losses
epoch:    1760 / 2000
saving losses
epoch:    1761 / 2000
early stopping counter:  2
saving losses
epoch:    1762 / 2000
saving losses
epoch:    1763 / 2000
saving losses
epoch:    1764 / 2000
early stopping counter:  2
saving losses
epoch:    1765 / 2000
early stopping counter:  4
saving losses
epoch:    1766 / 2000
early stopping counter:  6
saving losses
epoch:    1767 / 2000
saving losses
epoch:    1768 / 2000
saving losses
epoch:    1769 / 2000
early stopping counter:  2
saving losses
epoch:    1770 / 2000
saving losses
epoch:    1771 / 2000
early stopping counter:  2
saving losses
epoch:    1772 / 2000
saving losses
epoch:    1773 / 2000
saving losses
epoch:    1774 / 2000
early stopping counter:  2
saving losses
epoch:    1775 / 2000
early stopping counter:  4
saving losses
epoch:    1776 / 2000
saving losses
epoch:    1777 / 2000
early stopping counter:  2
saving losses
epoch:    1778 / 2000
saving losses
epoch:    1779 / 2000
saving losses
epoch:    1780 / 2000
early stopping counter:  2
saving losses
epoch:    1781 / 2000
early stopping counter:  4
saving losses
epoch:    1782 / 2000
saving losses
epoch:    1783 / 2000
saving losses
epoch:    1784 / 2000
early stopping counter:  2
saving losses
epoch:    1785 / 2000
early stopping counter:  4
saving losses
epoch:    1786 / 2000
saving losses
epoch:    1787 / 2000
early stopping counter:  2
saving losses
epoch:    1788 / 2000
early stopping counter:  4
saving losses
epoch:    1789 / 2000
saving losses
epoch:    1790 / 2000
early stopping counter:  2
saving losses
epoch:    1791 / 2000
early stopping counter:  4
saving losses
epoch:    1792 / 2000
saving losses
epoch:    1793 / 2000
saving losses
epoch:    1794 / 2000
early stopping counter:  2
saving losses
epoch:    1795 / 2000
saving losses
epoch:    1796 / 2000
saving losses
epoch:    1797 / 2000
saving losses
epoch:    1798 / 2000
early stopping counter:  2
saving losses
epoch:    1799 / 2000
early stopping counter:  4
saving losses
epoch:    1800 / 2000
saving losses
epoch:    1801 / 2000
early stopping counter:  2
saving losses
epoch:    1802 / 2000
early stopping counter:  4
saving losses
epoch:    1803 / 2000
early stopping counter:  6
saving losses
epoch:    1804 / 2000
early stopping counter:  8
saving losses
epoch:    1805 / 2000
saving losses
epoch:    1806 / 2000
early stopping counter:  2
saving losses
epoch:    1807 / 2000
saving losses
epoch:    1808 / 2000
early stopping counter:  2
saving losses
epoch:    1809 / 2000
saving losses
epoch:    1810 / 2000
early stopping counter:  2
saving losses
epoch:    1811 / 2000
saving losses
epoch:    1812 / 2000
early stopping counter:  2
saving losses
epoch:    1813 / 2000
saving losses
epoch:    1814 / 2000
early stopping counter:  2
saving losses
epoch:    1815 / 2000
early stopping counter:  4
saving losses
epoch:    1816 / 2000
saving losses
epoch:    1817 / 2000
early stopping counter:  2
saving losses
epoch:    1818 / 2000
early stopping counter:  4
saving losses
epoch:    1819 / 2000
saving losses
epoch:    1820 / 2000
early stopping counter:  2
saving losses
epoch:    1821 / 2000
saving losses
epoch:    1822 / 2000
early stopping counter:  2
saving losses
epoch:    1823 / 2000
saving losses
epoch:    1824 / 2000
early stopping counter:  2
saving losses
epoch:    1825 / 2000
saving losses
epoch:    1826 / 2000
early stopping counter:  2
saving losses
epoch:    1827 / 2000
saving losses
epoch:    1828 / 2000
saving losses
epoch:    1829 / 2000
saving losses
epoch:    1830 / 2000
early stopping counter:  2
saving losses
epoch:    1831 / 2000
saving losses
epoch:    1832 / 2000
early stopping counter:  2
saving losses
epoch:    1833 / 2000
early stopping counter:  4
saving losses
epoch:    1834 / 2000
saving losses
epoch:    1835 / 2000
early stopping counter:  2
saving losses
epoch:    1836 / 2000
early stopping counter:  4
saving losses
epoch:    1837 / 2000
saving losses
epoch:    1838 / 2000
early stopping counter:  2
saving losses
epoch:    1839 / 2000
saving losses
epoch:    1840 / 2000
early stopping counter:  2
saving losses
epoch:    1841 / 2000
saving losses
epoch:    1842 / 2000
early stopping counter:  2
saving losses
epoch:    1843 / 2000
saving losses
epoch:    1844 / 2000
saving losses
epoch:    1845 / 2000
early stopping counter:  2
saving losses
epoch:    1846 / 2000
early stopping counter:  4
saving losses
epoch:    1847 / 2000
early stopping counter:  6
saving losses
epoch:    1848 / 2000
saving losses
epoch:    1849 / 2000
saving losses
epoch:    1850 / 2000
saving losses
epoch:    1851 / 2000
early stopping counter:  2
saving losses
epoch:    1852 / 2000
early stopping counter:  4
saving losses
epoch:    1853 / 2000
saving losses
epoch:    1854 / 2000
saving losses
epoch:    1855 / 2000
saving losses
epoch:    1856 / 2000
early stopping counter:  2
saving losses
epoch:    1857 / 2000
early stopping counter:  4
saving losses
epoch:    1858 / 2000
saving losses
epoch:    1859 / 2000
saving losses
epoch:    1860 / 2000
early stopping counter:  2
saving losses
epoch:    1861 / 2000
early stopping counter:  4
saving losses
epoch:    1862 / 2000
saving losses
epoch:    1863 / 2000
early stopping counter:  2
saving losses
epoch:    1864 / 2000
saving losses
epoch:    1865 / 2000
early stopping counter:  2
saving losses
epoch:    1866 / 2000
early stopping counter:  4
saving losses
epoch:    1867 / 2000
saving losses
epoch:    1868 / 2000
early stopping counter:  2
saving losses
epoch:    1869 / 2000
early stopping counter:  4
saving losses
epoch:    1870 / 2000
saving losses
epoch:    1871 / 2000
early stopping counter:  2
saving losses
epoch:    1872 / 2000
saving losses
epoch:    1873 / 2000
saving losses
epoch:    1874 / 2000
early stopping counter:  2
saving losses
epoch:    1875 / 2000
early stopping counter:  4
saving losses
epoch:    1876 / 2000
saving losses
epoch:    1877 / 2000
saving losses
epoch:    1878 / 2000
early stopping counter:  2
saving losses
epoch:    1879 / 2000
saving losses
epoch:    1880 / 2000
saving losses
epoch:    1881 / 2000
early stopping counter:  2
saving losses
epoch:    1882 / 2000
saving losses
epoch:    1883 / 2000
early stopping counter:  2
saving losses
epoch:    1884 / 2000
early stopping counter:  4
saving losses
epoch:    1885 / 2000
saving losses
epoch:    1886 / 2000
early stopping counter:  2
saving losses
epoch:    1887 / 2000
saving losses
epoch:    1888 / 2000
early stopping counter:  2
saving losses
epoch:    1889 / 2000
early stopping counter:  4
saving losses
epoch:    1890 / 2000
saving losses
epoch:    1891 / 2000
early stopping counter:  2
saving losses
epoch:    1892 / 2000
saving losses
epoch:    1893 / 2000
saving losses
epoch:    1894 / 2000
early stopping counter:  2
saving losses
epoch:    1895 / 2000
saving losses
epoch:    1896 / 2000
early stopping counter:  2
saving losses
epoch:    1897 / 2000
saving losses
epoch:    1898 / 2000
saving losses
epoch:    1899 / 2000
saving losses
epoch:    1900 / 2000
early stopping counter:  2
saving losses
epoch:    1901 / 2000
saving losses
epoch:    1902 / 2000
early stopping counter:  2
saving losses
epoch:    1903 / 2000
early stopping counter:  4
saving losses
epoch:    1904 / 2000
early stopping counter:  6
saving losses
epoch:    1905 / 2000
early stopping counter:  8
saving losses
epoch:    1906 / 2000
saving losses
epoch:    1907 / 2000
early stopping counter:  2
saving losses
epoch:    1908 / 2000
saving losses
epoch:    1909 / 2000
early stopping counter:  2
saving losses
epoch:    1910 / 2000
early stopping counter:  4
saving losses
epoch:    1911 / 2000
early stopping counter:  6
saving losses
epoch:    1912 / 2000
saving losses
epoch:    1913 / 2000
early stopping counter:  2
saving losses
epoch:    1914 / 2000
saving losses
epoch:    1915 / 2000
early stopping counter:  2
saving losses
epoch:    1916 / 2000
saving losses
epoch:    1917 / 2000
early stopping counter:  2
saving losses
epoch:    1918 / 2000
early stopping counter:  4
saving losses
epoch:    1919 / 2000
early stopping counter:  6
saving losses
epoch:    1920 / 2000
saving losses
epoch:    1921 / 2000
saving losses
epoch:    1922 / 2000
early stopping counter:  2
saving losses
epoch:    1923 / 2000
saving losses
epoch:    1924 / 2000
early stopping counter:  2
saving losses
epoch:    1925 / 2000
early stopping counter:  4
saving losses
epoch:    1926 / 2000
saving losses
epoch:    1927 / 2000
saving losses
epoch:    1928 / 2000
saving losses
epoch:    1929 / 2000
early stopping counter:  2
saving losses
epoch:    1930 / 2000
saving losses
epoch:    1931 / 2000
early stopping counter:  2
saving losses
epoch:    1932 / 2000
saving losses
epoch:    1933 / 2000
early stopping counter:  2
saving losses
epoch:    1934 / 2000
early stopping counter:  4
saving losses
epoch:    1935 / 2000
early stopping counter:  6
saving losses
epoch:    1936 / 2000
saving losses
epoch:    1937 / 2000
saving losses
epoch:    1938 / 2000
early stopping counter:  2
saving losses
epoch:    1939 / 2000
early stopping counter:  4
saving losses
epoch:    1940 / 2000
early stopping counter:  6
saving losses
epoch:    1941 / 2000
saving losses
epoch:    1942 / 2000
early stopping counter:  2
saving losses
epoch:    1943 / 2000
early stopping counter:  4
saving losses
epoch:    1944 / 2000
saving losses
epoch:    1945 / 2000
saving losses
epoch:    1946 / 2000
early stopping counter:  2
saving losses
epoch:    1947 / 2000
early stopping counter:  4
saving losses
epoch:    1948 / 2000
saving losses
epoch:    1949 / 2000
saving losses
epoch:    1950 / 2000
saving losses
epoch:    1951 / 2000
early stopping counter:  2
saving losses
epoch:    1952 / 2000
early stopping counter:  4
saving losses
epoch:    1953 / 2000
saving losses
epoch:    1954 / 2000
saving losses
epoch:    1955 / 2000
early stopping counter:  2
saving losses
epoch:    1956 / 2000
early stopping counter:  4
saving losses
epoch:    1957 / 2000
early stopping counter:  6
saving losses
epoch:    1958 / 2000
saving losses
epoch:    1959 / 2000
early stopping counter:  2
saving losses
epoch:    1960 / 2000
saving losses
epoch:    1961 / 2000
saving losses
epoch:    1962 / 2000
early stopping counter:  2
saving losses
epoch:    1963 / 2000
saving losses
epoch:    1964 / 2000
early stopping counter:  2
saving losses
epoch:    1965 / 2000
early stopping counter:  4
saving losses
epoch:    1966 / 2000
saving losses
epoch:    1967 / 2000
saving losses
epoch:    1968 / 2000
early stopping counter:  2
saving losses
epoch:    1969 / 2000
early stopping counter:  4
saving losses
epoch:    1970 / 2000
early stopping counter:  6
saving losses
epoch:    1971 / 2000
saving losses
epoch:    1972 / 2000
early stopping counter:  2
saving losses
epoch:    1973 / 2000
saving losses
epoch:    1974 / 2000
early stopping counter:  2
saving losses
epoch:    1975 / 2000
saving losses
epoch:    1976 / 2000
early stopping counter:  2
saving losses
epoch:    1977 / 2000
saving losses
epoch:    1978 / 2000
early stopping counter:  2
saving losses
epoch:    1979 / 2000
saving losses
epoch:    1980 / 2000
early stopping counter:  2
saving losses
epoch:    1981 / 2000
early stopping counter:  4
saving losses
epoch:    1982 / 2000
saving losses
epoch:    1983 / 2000
early stopping counter:  2
saving losses
epoch:    1984 / 2000
saving losses
epoch:    1985 / 2000
saving losses
epoch:    1986 / 2000
early stopping counter:  2
saving losses
epoch:    1987 / 2000
saving losses
epoch:    1988 / 2000
early stopping counter:  2
saving losses
epoch:    1989 / 2000
saving losses
epoch:    1990 / 2000
saving losses
epoch:    1991 / 2000
saving losses
epoch:    1992 / 2000
early stopping counter:  2
saving losses
epoch:    1993 / 2000
saving losses
epoch:    1994 / 2000
early stopping counter:  2
saving losses
epoch:    1995 / 2000
early stopping counter:  4
saving losses
epoch:    1996 / 2000
early stopping counter:  6
saving losses
epoch:    1997 / 2000
saving losses
epoch:    1998 / 2000
saving losses
epoch:    1999 / 2000
early stopping counter:  2
saving losses
training has finished
experiment has finished
